<?xml version="1.0" encoding="utf-8"?><testsuites name="pytest tests"><testsuite name="pytest" errors="0" failures="0" skipped="12" tests="1335" time="226.002" timestamp="2026-08-16T18:43:55.154798+02:00" hostname="runnervmzvulz"><testcase classname="cookbook.tests.api.test_api_ingredient" name="test_update[arg2]" time="21.811" /><testcase classname="cookbook.tests.api.test_api_access_token" name="test_list_permission[arg0]" time="21.320" /><testcase classname="cookbook.tests.api.test_api_access_token" name="test_list_permission[arg1]" time="0.054" /><testcase classname="cookbook.tests.api.test_api_access_token" name="test_list_permission[arg2]" time="0.033" /><testcase classname="cookbook.tests.api.test_api_access_token" name="test_list_permission[arg3]" time="0.033" /><testcase classname="cookbook.tests.api.test_api_access_token" name="test_list_space" time="0.120" /><testcase classname="cookbook.tests.api.test_api_access_token" name="test_token_visibility" time="0.059" /><testcase classname="cookbook.tests.api.test_api_access_token" name="test_update[arg0]" time="0.034" /><testcase classname="cookbook.tests.api.test_api_access_token" name="test_update[arg1]" time="0.058" /><testcase classname="cookbook.tests.api.test_api_access_token" name="test_update[arg2]" time="0.043" /><testcase classname="cookbook.tests.api.test_api_access_token" name="test_update[arg3]" time="0.064" /><testcase classname="cookbook.tests.api.test_api_access_token" name="test_update[arg4]" time="0.066" /><testcase classname="cookbook.tests.api.test_api_ingredient" name="test_update[arg3]" time="0.293" /><testcase classname="cookbook.tests.api.test_api_access_token" name="test_update[arg5]" time="0.066" /><testcase classname="cookbook.tests.api.test_api_access_token" name="test_update[arg6]" time="0.057" /><testcase classname="cookbook.tests.api.test_api_access_token" name="test_add[arg0]" time="0.167" /><testcase classname="cookbook.tests.api.test_api_ingredient" name="test_update[arg4]" time="0.216" /><testcase classname="cookbook.tests.api.test_api_access_token" name="test_add[arg1]" time="0.190" /><testcase classname="cookbook.tests.api.test_api_ingredient" name="test_update[arg5]" time="0.252" /><testcase classname="cookbook.tests.api.test_api_access_token" name="test_add[arg2]" time="0.166" /><testcase classname="cookbook.tests.api.test_api_ingredient" name="test_update[arg6]" time="0.242" /><testcase classname="cookbook.tests.api.test_api_access_token" name="test_add[arg3]" time="0.192" /><testcase classname="cookbook.tests.api.test_api_access_token" name="test_delete" time="0.071" /><testcase classname="cookbook.tests.api.test_api_ai_provider" name="test_list_permission[arg0]" time="0.010" /><testcase classname="cookbook.tests.api.test_api_ai_provider" name="test_list_permission[arg1]" time="0.468" /><testcase classname="cookbook.tests.api.test_api_ingredient" name="test_update_private_recipe[arg0]" time="0.133" /><testcase classname="cookbook.tests.api.test_api_ingredient" name="test_update_private_recipe[arg1]" time="0.193" /><testcase classname="cookbook.tests.api.test_api_ingredient" name="test_update_private_recipe[arg2]" time="0.247" /><testcase classname="cookbook.tests.api.test_api_ai_provider" name="test_list_permission[arg2]" time="0.093" /><testcase classname="cookbook.tests.api.test_api_ai_provider" name="test_list_permission[arg3]" time="0.097" /><testcase classname="cookbook.tests.api.test_api_ingredient" name="test_update_private_recipe[arg3]" time="0.223" /><testcase classname="cookbook.tests.api.test_api_ai_provider" name="test_list_space" time="0.465" /><testcase classname="cookbook.tests.api.test_api_ingredient" name="test_update_private_recipe[arg4]" time="0.201" /><testcase classname="cookbook.tests.api.test_api_ingredient" name="test_update_private_recipe[arg5]" time="0.228" /><testcase classname="cookbook.tests.api.test_api_ai_provider" name="test_update[arg0]" time="0.032" /><testcase classname="cookbook.tests.api.test_api_ai_provider" name="test_update[arg1]" time="0.162" /><testcase classname="cookbook.tests.api.test_api_ingredient" name="test_update_private_recipe[arg6]" time="0.221" /><testcase classname="cookbook.tests.api.test_api_ai_provider" name="test_update[arg2]" time="0.173" /><testcase classname="cookbook.tests.api.test_api_ingredient" name="test_add[arg0]" time="0.033" /><testcase classname="cookbook.tests.api.test_api_ingredient" name="test_add[arg1]" time="0.112" /><testcase classname="cookbook.tests.api.test_api_ai_provider" name="test_update[arg3]" time="0.199" /><testcase classname="cookbook.tests.api.test_api_ingredient" name="test_add[arg2]" time="0.318" /><testcase classname="cookbook.tests.api.test_api_ai_provider" name="test_update[arg4]" time="0.166" /><testcase classname="cookbook.tests.api.test_api_ai_provider" name="test_update[arg5]" time="0.167" /><testcase classname="cookbook.tests.api.test_api_ingredient" name="test_add[arg3]" time="0.312" /><testcase classname="cookbook.tests.api.test_api_ai_provider" name="test_update[arg6]" time="0.158" /><testcase classname="cookbook.tests.api.test_api_ai_provider" name="test_update_global[arg0]" time="0.032" /><testcase classname="cookbook.tests.api.test_api_ai_provider" name="test_update_global[arg1]" time="0.180" /><testcase classname="cookbook.tests.api.test_api_ingredient" name="test_delete" time="0.485" /><testcase classname="cookbook.tests.api.test_api_ai_provider" name="test_update_global[arg2]" time="0.193" /><testcase classname="cookbook.tests.api.test_api_ai_provider" name="test_update_global[arg3]" time="0.145" /><testcase classname="cookbook.tests.api.test_api_invitelinke" name="test_list_permission[arg0]" time="0.080" /><testcase classname="cookbook.tests.api.test_api_ai_provider" name="test_update_global[arg4]" time="0.193" /><testcase classname="cookbook.tests.api.test_api_invitelinke" name="test_list_permission[arg1]" time="0.087" /><testcase classname="cookbook.tests.api.test_api_invitelinke" name="test_list_permission[arg2]" time="0.078" /><testcase classname="cookbook.tests.api.test_api_ai_provider" name="test_update_global[arg5]" time="0.175" /><testcase classname="cookbook.tests.api.test_api_invitelinke" name="test_list_permission[arg3]" time="0.146" /><testcase classname="cookbook.tests.api.test_api_ai_provider" name="test_update_global[arg6]" time="0.185" /><testcase classname="cookbook.tests.api.test_api_invitelinke" name="test_list_permission[arg4]" time="0.103" /><testcase classname="cookbook.tests.api.test_api_invitelinke" name="test_update[arg0]" time="0.058" /><testcase classname="cookbook.tests.api.test_api_invitelinke" name="test_update[arg1]" time="0.084" /><testcase classname="cookbook.tests.api.test_api_ai_provider" name="test_update_global[arg7]" time="0.192" /><testcase classname="cookbook.tests.api.test_api_invitelinke" name="test_update[arg2]" time="0.069" /><testcase classname="cookbook.tests.api.test_api_invitelinke" name="test_update[arg3]" time="0.223" /><testcase classname="cookbook.tests.api.test_api_ai_provider" name="test_add[arg0]" time="0.028" /><testcase classname="cookbook.tests.api.test_api_ai_provider" name="test_add[arg1]" time="0.160" /><testcase classname="cookbook.tests.api.test_api_invitelinke" name="test_update[arg4]" time="0.082" /><testcase classname="cookbook.tests.api.test_api_ai_provider" name="test_add[arg2]" time="0.178" /><testcase classname="cookbook.tests.api.test_api_invitelinke" name="test_update[arg5]" time="0.085" /><testcase classname="cookbook.tests.api.test_api_invitelinke" name="test_update[arg6]" time="0.086" /><testcase classname="cookbook.tests.api.test_api_ai_provider" name="test_add[arg3]" time="0.370" /><testcase classname="cookbook.tests.api.test_api_invitelinke" name="test_add[arg0]" time="0.036" /><testcase classname="cookbook.tests.api.test_api_invitelinke" name="test_add[arg1]" time="0.060" /><testcase classname="cookbook.tests.api.test_api_invitelinke" name="test_add[arg2]" time="0.054" /><testcase classname="cookbook.tests.api.test_api_invitelinke" name="test_add[arg3]" time="0.095" /><testcase classname="cookbook.tests.api.test_api_invitelinke" name="test_add[arg4]" time="0.059" /><testcase classname="cookbook.tests.api.test_api_invitelinke" name="test_delete" time="0.189" /><testcase classname="cookbook.tests.api.test_api_ai_provider" name="test_delete" time="0.340" /><testcase classname="cookbook.tests.api.test_api_invitelinke" name="test_invite_link_email_sent_true_when_configured" time="0.107" /><testcase classname="cookbook.tests.api.test_api_invitelinke" name="test_invite_link_email_sent_false_when_not_configured" time="0.098" /><testcase classname="cookbook.tests.api.test_api_ai_provider" name="test_delete_global" time="0.298" /><testcase classname="cookbook.tests.api.test_api_invitelinke" name="test_invite_link_email_sent_false_on_smtp_failure" time="0.104" /><testcase classname="cookbook.tests.api.test_api_invitelinke" name="test_invite_link_created_even_when_email_fails" time="0.106" /><testcase classname="cookbook.tests.api.test_api_invitelinke" name="test_invite_link_email_failure_is_printed" time="0.109" /><testcase classname="cookbook.tests.api.test_api_ai_timeout.TestFoodAiPropertiesTimeout" name="test_timeout_returns_408" time="0.172" /><testcase classname="cookbook.tests.api.test_api_invitelinke" name="test_invite_link_email_sent_false_when_no_email_provided" time="0.098" /><testcase classname="cookbook.tests.api.test_api_keyword" name="test_list_permission[arg0]" time="0.008" /><testcase classname="cookbook.tests.api.test_api_keyword" name="test_list_permission[arg1]" time="0.114" /><testcase classname="cookbook.tests.api.test_api_keyword" name="test_list_permission[arg2]" time="0.108" /><testcase classname="cookbook.tests.api.test_api_ai_timeout.TestRecipeAiPropertiesTimeout" name="test_timeout_returns_408" time="0.290" /><testcase classname="cookbook.tests.api.test_api_keyword" name="test_list_permission[arg3]" time="0.099" /><testcase classname="cookbook.tests.api.test_api_keyword" name="test_list_space" time="0.340" /><testcase classname="cookbook.tests.api.test_api_ai_timeout.TestAiStepSortTimeout" name="test_timeout_returns_408" time="0.247" /><testcase classname="cookbook.tests.api.test_api_ai_timeout.TestAiImportTimeout" name="test_timeout_returns_408" time="0.115" /><testcase classname="cookbook.tests.api.test_api_connector_config" name="test_list_permission[arg0]" time="0.010" /><testcase classname="cookbook.tests.api.test_api_connector_config" name="test_list_permission[arg1]" time="0.087" /><testcase classname="cookbook.tests.api.test_api_keyword" name="test_list_filter" time="0.443" /><testcase classname="cookbook.tests.api.test_api_connector_config" name="test_list_permission[arg2]" time="0.087" /><testcase classname="cookbook.tests.api.test_api_connector_config" name="test_list_permission[arg3]" time="0.087" /><testcase classname="cookbook.tests.api.test_api_connector_config" name="test_list_space" time="0.320" /><testcase classname="cookbook.tests.api.test_api_keyword" name="test_update[arg0]" time="0.014" /><testcase classname="cookbook.tests.api.test_api_keyword" name="test_update[arg1]" time="0.144" /><testcase classname="cookbook.tests.api.test_api_keyword" name="test_update[arg2]" time="0.272" /><testcase classname="cookbook.tests.api.test_api_connector_config" name="test_update[arg0]" time="0.040" /><testcase classname="cookbook.tests.api.test_api_connector_config" name="test_update[arg1]" time="0.109" /><testcase classname="cookbook.tests.api.test_api_connector_config" name="test_update[arg2]" time="0.096" /><testcase classname="cookbook.tests.api.test_api_connector_config" name="test_update[arg3]" time="0.129" /><testcase classname="cookbook.tests.api.test_api_keyword" name="test_update[arg3]" time="0.277" /><testcase classname="cookbook.tests.api.test_api_connector_config" name="test_update[arg4]" time="0.110" /><testcase classname="cookbook.tests.api.test_api_connector_config" name="test_update[arg5]" time="0.112" /><testcase classname="cookbook.tests.api.test_api_keyword" name="test_update[arg4]" time="0.153" /><testcase classname="cookbook.tests.api.test_api_connector_config" name="test_update[arg6]" time="0.113" /><testcase classname="cookbook.tests.api.test_api_keyword" name="test_update[arg5]" time="0.193" /><testcase classname="cookbook.tests.api.test_api_connector_config" name="test_add[arg0]" time="0.054" /><testcase classname="cookbook.tests.api.test_api_connector_config" name="test_add[arg1]" time="0.155" /><testcase classname="cookbook.tests.api.test_api_keyword" name="test_update[arg6]" time="0.167" /><testcase classname="cookbook.tests.api.test_api_connector_config" name="test_add[arg2]" time="0.111" /><testcase classname="cookbook.tests.api.test_api_connector_config" name="test_add[arg3]" time="0.425" /><testcase classname="cookbook.tests.api.test_api_keyword" name="test_add[arg0]" time="0.031" /><testcase classname="cookbook.tests.api.test_api_keyword" name="test_add[arg1]" time="0.206" /><testcase classname="cookbook.tests.api.test_api_keyword" name="test_add[arg2]" time="0.410" /><testcase classname="cookbook.tests.api.test_api_connector_config" name="test_add_with_supports_description_field_false" time="0.093" /><testcase classname="cookbook.tests.api.test_api_connector_config" name="test_delete" time="0.193" /><testcase classname="cookbook.tests.api.test_api_keyword" name="test_add[arg3]" time="0.419" /><testcase classname="cookbook.tests.api.test_api_cook_log" name="test_list_permission[arg0]" time="0.009" /><testcase classname="cookbook.tests.api.test_api_cook_log" name="test_list_permission[arg1]" time="0.086" /><testcase classname="cookbook.tests.api.test_api_cook_log" name="test_list_permission[arg2]" time="0.093" /><testcase classname="cookbook.tests.api.test_api_cook_log" name="test_list_permission[arg3]" time="0.088" /><testcase classname="cookbook.tests.api.test_api_cook_log" name="test_list_space" time="0.419" /><testcase classname="cookbook.tests.api.test_api_keyword" name="test_add_duplicate" time="0.575" /><testcase classname="cookbook.tests.api.test_api_cook_log" name="test_update[arg0]" time="0.113" /><testcase classname="cookbook.tests.api.test_api_cook_log" name="test_update[arg1]" time="0.200" /><testcase classname="cookbook.tests.api.test_api_keyword" name="test_delete" time="0.463" /><testcase classname="cookbook.tests.api.test_api_cook_log" name="test_update[arg2]" time="0.180" /><testcase classname="cookbook.tests.api.test_api_cook_log" name="test_update[arg3]" time="0.225" /><testcase classname="cookbook.tests.api.test_api_keyword" name="test_move" time="0.912" /><testcase classname="cookbook.tests.api.test_api_cook_log" name="test_update[arg4]" time="0.211" /><testcase classname="cookbook.tests.api.test_api_cook_log" name="test_update[arg5]" time="0.237" /><testcase classname="cookbook.tests.api.test_api_cook_log" name="test_update[arg6]" time="0.198" /><testcase classname="cookbook.tests.api.test_api_cook_log" name="test_add[arg0]" time="0.143" /><testcase classname="cookbook.tests.api.test_api_cook_log" name="test_add[arg1]" time="0.246" /><testcase classname="cookbook.tests.api.test_api_cook_log" name="test_add[arg2]" time="0.460" /><testcase classname="cookbook.tests.api.test_api_keyword" name="test_merge" time="1.493" /><testcase classname="cookbook.tests.api.test_api_cook_log" name="test_add[arg3]" time="0.405" /><testcase classname="cookbook.tests.api.test_api_cook_log" name="test_delete" time="0.257" /><testcase classname="cookbook.tests.api.test_api_food" name="test_list_permission[arg0]" time="0.007" /><testcase classname="cookbook.tests.api.test_api_food" name="test_list_permission[arg1]" time="0.102" /><testcase classname="cookbook.tests.api.test_api_food" name="test_list_permission[arg2]" time="0.098" /><testcase classname="cookbook.tests.api.test_api_food" name="test_list_permission[arg3]" time="0.117" /><testcase classname="cookbook.tests.api.test_api_keyword" name="test_root_filter" time="0.258" /><testcase classname="cookbook.tests.api.test_api_food" name="test_list_space" time="0.443" /><testcase classname="cookbook.tests.api.test_api_keyword" name="test_tree_filter" time="0.205" /><testcase classname="cookbook.tests.api.test_api_meal_plan" name="test_list_permission[arg0]" time="0.008" /><testcase classname="cookbook.tests.api.test_api_meal_plan" name="test_list_permission[arg1]" time="0.038" /><testcase classname="cookbook.tests.api.test_api_meal_plan" name="test_list_permission[arg2]" time="0.039" /><testcase classname="cookbook.tests.api.test_api_meal_plan" name="test_list_permission[arg3]" time="0.053" /><testcase classname="cookbook.tests.api.test_api_food" name="test_list_filter" time="0.653" /><testcase classname="cookbook.tests.api.test_api_meal_plan" name="test_list_space" time="0.356" /><testcase classname="cookbook.tests.api.test_api_meal_plan" name="test_list_filter" time="0.233" /><testcase classname="cookbook.tests.api.test_api_food" name="test_update[arg0]" time="0.020" /><testcase classname="cookbook.tests.api.test_api_food" name="test_update[arg1]" time="0.153" /><testcase classname="cookbook.tests.api.test_api_meal_plan" name="test_update[arg0]" time="0.125" /><testcase classname="cookbook.tests.api.test_api_food" name="test_update[arg2]" time="0.297" /><testcase classname="cookbook.tests.api.test_api_meal_plan" name="test_update[arg1]" time="0.152" /><testcase classname="cookbook.tests.api.test_api_meal_plan" name="test_update[arg2]" time="0.141" /><testcase classname="cookbook.tests.api.test_api_food" name="test_update[arg3]" time="0.309" /><testcase classname="cookbook.tests.api.test_api_meal_plan" name="test_update[arg3]" time="0.151" /><testcase classname="cookbook.tests.api.test_api_meal_plan" name="test_update[arg4]" time="0.155" /><testcase classname="cookbook.tests.api.test_api_food" name="test_update[arg4]" time="0.155" /><testcase classname="cookbook.tests.api.test_api_meal_plan" name="test_update[arg5]" time="0.155" /><testcase classname="cookbook.tests.api.test_api_food" name="test_update[arg5]" time="0.176" /><testcase classname="cookbook.tests.api.test_api_meal_plan" name="test_update[arg6]" time="0.153" /><testcase classname="cookbook.tests.api.test_api_food" name="test_update[arg6]" time="0.180" /><testcase classname="cookbook.tests.api.test_api_meal_plan" name="test_add[arg0]" time="0.142" /><testcase classname="cookbook.tests.api.test_api_food" name="test_add[arg0]" time="0.037" /><testcase classname="cookbook.tests.api.test_api_meal_plan" name="test_add[arg1]" time="0.232" /><testcase classname="cookbook.tests.api.test_api_food" name="test_add[arg1]" time="0.166" /><testcase classname="cookbook.tests.api.test_api_food" name="test_add[arg2]" time="0.479" /><testcase classname="cookbook.tests.api.test_api_meal_plan" name="test_add[arg2]" time="0.202" /><testcase classname="cookbook.tests.api.test_api_meal_plan" name="test_add[arg3]" time="0.214" /><testcase classname="cookbook.tests.api.test_api_meal_plan" name="test_delete" time="0.164" /><testcase classname="cookbook.tests.api.test_api_food" name="test_add[arg3]" time="0.455" /><testcase classname="cookbook.tests.api.test_api_meal_plan" name="test_add_with_shopping" time="0.336" /><testcase classname="cookbook.tests.api.test_api_meal_plan" name="test_ical[arg0]" time="0.150" /><testcase classname="cookbook.tests.api.test_api_food" name="test_add_duplicate" time="0.777" /><testcase classname="cookbook.tests.api.test_api_meal_plan" name="test_ical[arg1]" time="0.136" /><testcase classname="cookbook.tests.api.test_api_meal_plan" name="test_ical[arg2]" time="0.142" /><testcase classname="cookbook.tests.api.test_api_meal_plan" name="test_ical[arg3]" time="0.137" /><testcase classname="cookbook.tests.api.test_api_meal_plan" name="test_ical_event" time="0.134" /><testcase classname="cookbook.tests.api.test_api_meal_plan" name="test_ical_event_timezone_aware" time="0.161" /><testcase classname="cookbook.tests.api.test_api_food" name="test_delete" time="0.601" /><testcase classname="cookbook.tests.api.test_api_meal_plan" name="test_ical_event_minimum_duration" time="0.155" /><testcase classname="cookbook.tests.api.test_api_meal_plan" name="test_create_date_only_gets_noon_default" time="0.192" /><testcase classname="cookbook.tests.api.test_api_meal_plan" name="test_token_permissions" time="0.188" /><testcase classname="cookbook.tests.api.test_api_meal_plan" name="test_create_date_only_with_meal_type_time" time="0.161" /><testcase classname="cookbook.tests.api.test_api_food" name="test_move" time="0.544" /><testcase classname="cookbook.tests.api.test_api_meal_plan" name="test_create_explicit_time_preserved" time="0.143" /><testcase classname="cookbook.tests.api.test_api_meal_plan" name="test_household_visibility" time="0.179" /><testcase classname="cookbook.tests.api.test_api_meal_plan" name="test_auto_plan_permission[arg0]" time="0.116" /><testcase classname="cookbook.tests.api.test_api_food" name="test_move_errors" time="0.605" /><testcase classname="cookbook.tests.api.test_api_meal_plan" name="test_auto_plan_permission[arg1]" time="0.158" /><testcase classname="cookbook.tests.api.test_api_meal_plan" name="test_auto_plan_permission[arg2]" time="0.154" /><testcase classname="cookbook.tests.api.test_api_meal_plan" name="test_auto_plan_permission[arg3]" time="0.145" /><testcase classname="cookbook.tests.api.test_api_meal_plan" name="test_auto_plan_or_mode" time="0.083" /><testcase classname="cookbook.tests.api.test_api_meal_plan" name="test_auto_plan_and_mode" time="0.083" /><testcase classname="cookbook.tests.api.test_api_food" name="test_merge_ingredients" time="0.251" /><testcase classname="cookbook.tests.api.test_api_meal_plan" name="test_auto_plan_invalid_keyword_mode" time="0.129" /><testcase classname="cookbook.tests.api.test_api_meal_plan" name="test_auto_plan_no_keywords_returns_all" time="0.140" /><testcase classname="cookbook.tests.api.test_api_meal_plan" name="test_auto_plan_empty_results_400" time="0.059" /><testcase classname="cookbook.tests.api.test_api_food" name="test_merge_shopping_entries" time="0.292" /><testcase classname="cookbook.tests.api.test_api_meal_plan" name="test_auto_plan_space_scoping" time="0.085" /><testcase classname="cookbook.tests.api.test_api_meal_plan" name="test_auto_plan_internal_only" time="0.074" /><testcase classname="cookbook.tests.api.test_api_meal_type" name="test_list_permission[arg0]" time="0.008" /><testcase classname="cookbook.tests.api.test_api_meal_type" name="test_list_permission[arg1]" time="0.100" /><testcase classname="cookbook.tests.api.test_api_food" name="test_merge" time="0.676" /><testcase classname="cookbook.tests.api.test_api_meal_type" name="test_list_permission[arg2]" time="0.091" /><testcase classname="cookbook.tests.api.test_api_meal_type" name="test_list_permission[arg3]" time="0.089" /><testcase classname="cookbook.tests.api.test_api_meal_type" name="test_list_space" time="0.312" /><testcase classname="cookbook.tests.api.test_api_meal_type" name="test_update[arg0]" time="0.035" /><testcase classname="cookbook.tests.api.test_api_meal_type" name="test_update[arg1]" time="0.120" /><testcase classname="cookbook.tests.api.test_api_food" name="test_merge_errors" time="0.684" /><testcase classname="cookbook.tests.api.test_api_meal_type" name="test_update[arg2]" time="0.101" /><testcase classname="cookbook.tests.api.test_api_meal_type" name="test_update[arg3]" time="0.128" /><testcase classname="cookbook.tests.api.test_api_meal_type" name="test_update[arg4]" time="0.123" /><testcase classname="cookbook.tests.api.test_api_meal_type" name="test_update[arg5]" time="0.132" /><testcase classname="cookbook.tests.api.test_api_meal_type" name="test_update[arg6]" time="0.120" /><testcase classname="cookbook.tests.api.test_api_meal_type" name="test_add[arg0]" time="0.030" /><testcase classname="cookbook.tests.api.test_api_meal_type" name="test_add[arg1]" time="0.114" /><testcase classname="cookbook.tests.api.test_api_food" name="test_root_filter" time="0.400" /><testcase classname="cookbook.tests.api.test_api_meal_type" name="test_add[arg2]" time="0.236" /><testcase classname="cookbook.tests.api.test_api_meal_type" name="test_add[arg3]" time="0.289" /><testcase classname="cookbook.tests.api.test_api_food" name="test_tree_filter" time="0.373" /><testcase classname="cookbook.tests.api.test_api_meal_type" name="test_add_duplicate" time="0.182" /><testcase classname="cookbook.tests.api.test_api_meal_type" name="test_delete" time="0.207" /><testcase classname="cookbook.tests.api.test_api_food" name="test_inherit[obj_tree_10-supermarket_category-True-cat_1]" time="0.408" /><testcase classname="cookbook.tests.api.test_api_property" name="test_list_permission[arg0]" time="0.008" /><testcase classname="cookbook.tests.api.test_api_property" name="test_list_permission[arg1]" time="0.091" /><testcase classname="cookbook.tests.api.test_api_property" name="test_list_permission[arg2]" time="0.100" /><testcase classname="cookbook.tests.api.test_api_food" name="test_inherit[obj_tree_11-supermarket_category-False-cat_1]" time="0.097" /><testcase classname="cookbook.tests.api.test_api_property" name="test_list_permission[arg3]" time="0.113" /><testcase classname="cookbook.tests.api.test_api_food" name="test_inherit[obj_tree_12-ignore_shopping-True-false]" time="0.380" /><testcase classname="cookbook.tests.api.test_api_property" name="test_list_space" time="0.377" /><testcase classname="cookbook.tests.api.test_api_food" name="test_inherit[obj_tree_13-ignore_shopping-False-false]" time="0.094" /><testcase classname="cookbook.tests.api.test_api_property" name="test_update[arg0]" time="0.041" /><testcase classname="cookbook.tests.api.test_api_property" name="test_update[arg1]" time="0.130" /><testcase classname="cookbook.tests.api.test_api_food" name="test_inherit[obj_tree_14-substitute_children-True-false]" time="0.381" /><testcase classname="cookbook.tests.api.test_api_property" name="test_update[arg2]" time="0.109" /><testcase classname="cookbook.tests.api.test_api_property" name="test_update[arg3]" time="0.131" /><testcase classname="cookbook.tests.api.test_api_property" name="test_update[arg4]" time="0.130" /><testcase classname="cookbook.tests.api.test_api_food" name="test_inherit[obj_tree_15-substitute_children-False-false]" time="0.087" /><testcase classname="cookbook.tests.api.test_api_property" name="test_update[arg5]" time="0.124" /><testcase classname="cookbook.tests.api.test_api_food" name="test_inherit[obj_tree_16-substitute_siblings-True-false]" time="0.382" /><testcase classname="cookbook.tests.api.test_api_property" name="test_update[arg6]" time="0.135" /><testcase classname="cookbook.tests.api.test_api_property" name="test_add[arg0]" time="0.040" /><testcase classname="cookbook.tests.api.test_api_property" name="test_add[arg1]" time="0.133" /><testcase classname="cookbook.tests.api.test_api_food" name="test_inherit[obj_tree_17-substitute_siblings-False-false]" time="0.088" /><testcase classname="cookbook.tests.api.test_api_food" name="test_reset_inherit_space_fields[ignore_shopping-True-obj_tree_10]" time="0.115" /><testcase classname="cookbook.tests.api.test_api_property" name="test_add[arg2]" time="0.343" /><testcase classname="cookbook.tests.api.test_api_food" name="test_reset_inherit_space_fields[ignore_shopping-False-obj_tree_10]" time="0.105" /><testcase classname="cookbook.tests.api.test_api_food" name="test_reset_inherit_space_fields[substitute_children-True-obj_tree_10]" time="0.136" /><testcase classname="cookbook.tests.api.test_api_property" name="test_add[arg3]" time="0.284" /><testcase classname="cookbook.tests.api.test_api_food" name="test_reset_inherit_space_fields[substitute_children-False-obj_tree_10]" time="0.097" /><testcase classname="cookbook.tests.api.test_api_food" name="test_reset_inherit_space_fields[substitute_siblings-True-obj_tree_10]" time="0.120" /><testcase classname="cookbook.tests.api.test_api_food" name="test_reset_inherit_space_fields[substitute_siblings-False-obj_tree_10]" time="0.092" /><testcase classname="cookbook.tests.api.test_api_property" name="test_delete" time="0.238" /><testcase classname="cookbook.tests.api.test_api_food" name="test_reset_inherit_space_fields[supermarket_category-True-obj_tree_10]" time="0.134" /><testcase classname="cookbook.tests.api.test_api_food" name="test_reset_inherit_space_fields[supermarket_category-False-obj_tree_10]" time="0.095" /><testcase classname="cookbook.tests.api.test_api_property_type" name="test_list_permission[arg0]" time="0.009" /><testcase classname="cookbook.tests.api.test_api_property_type" name="test_list_permission[arg1]" time="0.094" /><testcase classname="cookbook.tests.api.test_api_food" name="test_reset_inherit_no_food_instances[ignore_shopping-obj_tree_10]" time="0.100" /><testcase classname="cookbook.tests.api.test_api_property_type" name="test_list_permission[arg2]" time="0.104" /><testcase classname="cookbook.tests.api.test_api_food" name="test_reset_inherit_no_food_instances[substitute_children-obj_tree_10]" time="0.103" /><testcase classname="cookbook.tests.api.test_api_property_type" name="test_list_permission[arg3]" time="0.101" /><testcase classname="cookbook.tests.api.test_api_food" name="test_reset_inherit_no_food_instances[substitute_siblings-obj_tree_10]" time="0.103" /><testcase classname="cookbook.tests.api.test_api_food" name="test_reset_inherit_no_food_instances[supermarket_category-obj_tree_10]" time="0.107" /><testcase classname="cookbook.tests.api.test_api_property_type" name="test_list_space" time="0.311" /><testcase classname="cookbook.tests.api.test_api_food" name="test_onhand" time="1.281" /><testcase classname="cookbook.tests.api.test_api_property_type" name="test_update[arg0]" time="0.032" /><testcase classname="cookbook.tests.api.test_api_property_type" name="test_update[arg1]" time="0.111" /><testcase classname="cookbook.tests.api.test_api_property_type" name="test_update[arg2]" time="0.095" /><testcase classname="cookbook.tests.api.test_api_property_type" name="test_update[arg3]" time="0.112" /><testcase classname="cookbook.tests.api.test_api_property_type" name="test_update[arg4]" time="0.108" /><testcase classname="cookbook.tests.api.test_api_property_type" name="test_update[arg5]" time="0.130" /><testcase classname="cookbook.tests.api.test_api_property_type" name="test_update[arg6]" time="0.112" /><testcase classname="cookbook.tests.api.test_api_property_type" name="test_add[arg0]" time="0.029" /><testcase classname="cookbook.tests.api.test_api_property_type" name="test_add[arg1]" time="0.108" /><testcase classname="cookbook.tests.api.test_api_property_type" name="test_add[arg2]" time="0.244" /><testcase classname="cookbook.tests.api.test_api_food" name="test_batch_onhand_household" time="0.304" /><testcase classname="cookbook.tests.api.test_api_property_type" name="test_add[arg3]" time="0.241" /><testcase classname="cookbook.tests.api.test_api_property_type" name="test_add_duplicate" time="0.182" /><testcase classname="cookbook.tests.api.test_api_food" name="test_shopping_status_scoped_to_household" time="0.453" /><testcase classname="cookbook.tests.api.test_api_property_type" name="test_delete" time="0.178" /><testcase classname="cookbook.tests.api.test_api_recipe" name="test_list_permission[arg0]" time="0.009" /><testcase classname="cookbook.tests.api.test_api_recipe" name="test_list_permission[arg1]" time="0.099" /><testcase classname="cookbook.tests.api.test_api_recipe" name="test_list_permission[arg2]" time="0.111" /><testcase classname="cookbook.tests.api.test_api_food" name="test_shopping_status_household_shared" time="0.460" /><testcase classname="cookbook.tests.api.test_api_recipe" name="test_list_permission[arg3]" time="0.100" /><testcase classname="cookbook.tests.api.test_api_recipe" name="test_list_space" time="0.631" /><testcase classname="cookbook.tests.api.test_api_food" name="test_shopping_status_checked_excluded" time="0.220" /><testcase classname="cookbook.tests.api.test_api_food_shopping" name="test_shopping_forbidden_methods" time="0.315" /><testcase classname="cookbook.tests.api.test_api_food_shopping" name="test_shopping_food_create[arg0]" time="0.039" /><testcase classname="cookbook.tests.api.test_api_food_shopping" name="test_shopping_food_create[arg1]" time="0.172" /><testcase classname="cookbook.tests.api.test_api_recipe" name="test_share_permission" time="3.741" /><testcase classname="cookbook.tests.api.test_api_food_shopping" name="test_shopping_food_create[arg2]" time="0.283" /><testcase classname="cookbook.tests.api.test_api_food_shopping" name="test_shopping_food_create[arg3]" time="0.207" /><testcase classname="cookbook.tests.api.test_api_food_shopping" name="test_shopping_food_create[arg4]" time="0.313" /><testcase classname="cookbook.tests.api.test_api_food_shopping" name="test_shopping_food_delete[arg0]" time="0.038" /><testcase classname="cookbook.tests.api.test_api_food_shopping" name="test_shopping_food_delete[arg1]" time="0.166" /><testcase classname="cookbook.tests.api.test_api_food_shopping" name="test_shopping_food_delete[arg2]" time="0.298" /><testcase classname="cookbook.tests.api.test_api_food_shopping" name="test_shopping_food_delete[arg3]" time="0.187" /><testcase classname="cookbook.tests.api.test_api_food_shopping" name="test_shopping_food_delete[arg4]" time="0.317" /><testcase classname="cookbook.tests.api.test_api_import_log" name="test_list_permission[arg0]" time="0.008" /><testcase classname="cookbook.tests.api.test_api_import_log" name="test_list_permission[arg1]" time="0.090" /><testcase classname="cookbook.tests.api.test_api_import_log" name="test_list_permission[arg2]" time="0.093" /><testcase classname="cookbook.tests.api.test_api_import_log" name="test_list_permission[arg3]" time="0.095" /><testcase classname="cookbook.tests.api.test_api_import_log" name="test_list_space" time="0.417" /><testcase classname="cookbook.tests.api.test_api_import_log" name="test_update[['a_u', 403]]" time="0.113" /><testcase classname="cookbook.tests.api.test_api_import_log" name="test_update[['g1_s1', 403]]" time="0.188" /><testcase classname="cookbook.tests.api.test_api_import_log" name="test_update[['u1_s1', 200]]" time="0.186" /><testcase classname="cookbook.tests.api.test_api_import_log" name="test_update[['a1_s1', 200]]" time="0.194" /><testcase classname="cookbook.tests.api.test_api_import_log" name="test_update[['g1_s2', 403]]" time="0.219" /><testcase classname="cookbook.tests.api.test_api_recipe" name="test_share_permission_invalid" time="0.264" /><testcase classname="cookbook.tests.api.test_api_import_log" name="test_update[['u1_s2', 404]]" time="0.206" /><testcase classname="cookbook.tests.api.test_api_recipe" name="test_update[arg0]" time="0.121" /><testcase classname="cookbook.tests.api.test_api_import_log" name="test_update[['a1_s2', 404]]" time="0.218" /><testcase classname="cookbook.tests.api.test_api_recipe" name="test_update[arg1]" time="0.258" /><testcase classname="cookbook.tests.api.test_api_import_log" name="test_delete" time="0.301" /><testcase classname="cookbook.tests.api.test_api_recipe" name="test_update[arg2]" time="0.619" /><testcase classname="cookbook.tests.api.test_api_ingredient" name="test_list_permission[arg0]" time="0.011" /><testcase classname="cookbook.tests.api.test_api_ingredient" name="test_list_permission[arg1]" time="0.092" /><testcase classname="cookbook.tests.api.test_api_ingredient" name="test_list_permission[arg2]" time="0.104" /><testcase classname="cookbook.tests.api.test_api_ingredient" name="test_list_permission[arg3]" time="0.105" /><testcase classname="cookbook.tests.api.test_api_ingredient" name="test_list_space" time="1.258" /><testcase classname="cookbook.tests.api.test_api_recipe" name="test_update[arg3]" time="0.598" /><testcase classname="cookbook.tests.api.test_api_recipe" name="test_update[arg4]" time="0.298" /><testcase classname="cookbook.tests.api.test_api_recipe" name="test_update[arg5]" time="0.264" /><testcase classname="cookbook.tests.api.test_api_ingredient" name="test_update[arg0]" time="0.123" /><testcase classname="cookbook.tests.api.test_api_recipe" name="test_update[arg6]" time="0.270" /><testcase classname="cookbook.tests.api.test_api_ingredient" name="test_update[arg1]" time="0.194" /><testcase classname="cookbook.tests.api.test_api_recipe" name="test_update_share" time="0.862" /><testcase classname="cookbook.tests.api.test_api_shopping_recipe" name="test_shopping_recipe_method[recipe1-20-arg2]" time="0.507" /><testcase classname="cookbook.tests.api.test_api_shopping_recipe" name="test_shopping_recipe_method[recipe1-20-arg3]" time="1.249" /><testcase classname="cookbook.tests.api.test_api_recipe" name="test_update_private_recipe" time="1.794" /><testcase classname="cookbook.tests.api.test_api_shopping_recipe" name="test_shopping_recipe_method[recipe2-19-arg0]" time="0.465" /><testcase classname="cookbook.tests.api.test_api_shopping_recipe" name="test_shopping_recipe_method[recipe2-19-arg1]" time="1.153" /><testcase classname="cookbook.tests.api.test_api_recipe" name="test_add[arg0]" time="0.030" /><testcase classname="cookbook.tests.api.test_api_recipe" name="test_add[arg1]" time="0.265" /><testcase classname="cookbook.tests.api.test_api_recipe" name="test_add[arg2]" time="1.184" /><testcase classname="cookbook.tests.api.test_api_shopping_recipe" name="test_shopping_recipe_method[recipe2-19-arg2]" time="0.476" /><testcase classname="cookbook.tests.api.test_api_recipe" name="test_add[arg3]" time="1.111" /><testcase classname="cookbook.tests.api.test_api_shopping_recipe" name="test_shopping_recipe_method[recipe2-19-arg3]" time="1.191" /><testcase classname="cookbook.tests.api.test_api_recipe" name="test_delete" time="1.068" /><testcase classname="cookbook.tests.api.test_api_shopping_recipe" name="test_shopping_recipe_method[recipe3-29-arg0]" time="0.657" /><testcase classname="cookbook.tests.api.test_api_shopping_recipe" name="test_shopping_recipe_method[recipe3-29-arg1]" time="1.403" /><testcase classname="cookbook.tests.api.test_api_recipe" name="test_food_properties_skipped_on_create" time="0.425" /><testcase classname="cookbook.tests.api.test_api_recipe_book" name="test_list_permission[arg0]" time="0.009" /><testcase classname="cookbook.tests.api.test_api_recipe_book" name="test_list_permission[arg1]" time="0.039" /><testcase classname="cookbook.tests.api.test_api_recipe_book" name="test_list_permission[arg2]" time="0.036" /><testcase classname="cookbook.tests.api.test_api_recipe_book" name="test_list_permission[arg3]" time="0.035" /><testcase classname="cookbook.tests.api.test_api_recipe_book" name="test_list_space" time="0.119" /><testcase classname="cookbook.tests.api.test_api_recipe_book" name="test_list_filter" time="0.099" /><testcase classname="cookbook.tests.api.test_api_recipe_book" name="test_list_ordering" time="0.088" /><testcase classname="cookbook.tests.api.test_api_recipe_book" name="test_update[arg0]" time="0.045" /><testcase classname="cookbook.tests.api.test_api_recipe_book" name="test_update[arg1]" time="0.075" /><testcase classname="cookbook.tests.api.test_api_recipe_book" name="test_update[arg2]" time="0.057" /><testcase classname="cookbook.tests.api.test_api_recipe_book" name="test_update[arg3]" time="0.071" /><testcase classname="cookbook.tests.api.test_api_recipe_book" name="test_update[arg4]" time="0.076" /><testcase classname="cookbook.tests.api.test_api_recipe_book" name="test_update[arg5]" time="0.068" /><testcase classname="cookbook.tests.api.test_api_recipe_book" name="test_update[arg6]" time="0.070" /><testcase classname="cookbook.tests.api.test_api_shopping_recipe" name="test_shopping_recipe_method[recipe3-29-arg2]" time="0.723" /><testcase classname="cookbook.tests.api.test_api_recipe_book" name="test_add[arg0]" time="0.030" /><testcase classname="cookbook.tests.api.test_api_recipe_book" name="test_add[arg1]" time="0.086" /><testcase classname="cookbook.tests.api.test_api_recipe_book" name="test_add[arg2]" time="0.089" /><testcase classname="cookbook.tests.api.test_api_recipe_book" name="test_add[arg3]" time="0.098" /><testcase classname="cookbook.tests.api.test_api_recipe_book" name="test_delete" time="0.094" /><testcase classname="cookbook.tests.api.test_api_recipe_book" name="test_household_visibility" time="0.113" /><testcase classname="cookbook.tests.api.test_api_recipe_book_entry" name="test_list_permission[arg0]" time="0.013" /><testcase classname="cookbook.tests.api.test_api_recipe_book_entry" name="test_list_permission[arg1]" time="0.039" /><testcase classname="cookbook.tests.api.test_api_recipe_book_entry" name="test_list_permission[arg2]" time="0.051" /><testcase classname="cookbook.tests.api.test_api_recipe_book_entry" name="test_list_permission[arg3]" time="0.039" /><testcase classname="cookbook.tests.api.test_api_shopping_recipe" name="test_shopping_recipe_method[recipe3-29-arg3]" time="1.621" /><testcase classname="cookbook.tests.api.test_api_recipe_book_entry" name="test_list_space" time="0.235" /><testcase classname="cookbook.tests.api.test_api_recipe_book_entry" name="test_update[arg0]" time="0.212" /><testcase classname="cookbook.tests.api.test_api_recipe_book_entry" name="test_update[arg1]" time="0.245" /><testcase classname="cookbook.tests.api.test_api_recipe_book_entry" name="test_update[arg2]" time="0.227" /><testcase classname="cookbook.tests.api.test_api_recipe_book_entry" name="test_update[arg3]" time="0.258" /><testcase classname="cookbook.tests.api.test_api_shopping_recipe" name="test_shopping_recipe_mixed_authors" time="1.184" /><testcase classname="cookbook.tests.api.test_api_recipe_book_entry" name="test_update[arg4]" time="0.248" /><testcase classname="cookbook.tests.api.test_api_recipe_book_entry" name="test_update[arg5]" time="0.241" /><testcase classname="cookbook.tests.api.test_api_recipe_book_entry" name="test_update[arg6]" time="0.277" /><testcase classname="cookbook.tests.api.test_api_recipe_book_entry" name="test_add[arg0]" time="0.257" /><testcase classname="cookbook.tests.api.test_api_recipe_book_entry" name="test_add[arg1]" time="0.280" /><testcase classname="cookbook.tests.api.test_api_shopping_recipe" name="test_shopping_with_header_ingredient[recipe0]" time="0.839" /><testcase classname="cookbook.tests.api.test_api_recipe_book_entry" name="test_add[arg2]" time="0.280" /><testcase classname="cookbook.tests.api.test_api_recipe_book_entry" name="test_add[arg3]" time="0.258" /><testcase classname="cookbook.tests.api.test_api_recipe_book_entry" name="test_add_duplicate" time="0.140" /><testcase classname="cookbook.tests.api.test_api_space" name="test_list_permission[arg0]" time="0.044" /><testcase classname="cookbook.tests.api.test_api_space" name="test_list_permission[arg1]" time="0.140" /><testcase classname="cookbook.tests.api.test_api_recipe_book_entry" name="test_delete" time="0.174" /><testcase classname="cookbook.tests.api.test_api_space" name="test_list_permission[arg2]" time="0.145" /><testcase classname="cookbook.tests.api.test_api_recipe_time_lock" name="test_patch_with_a_different_total_is_rejected" time="0.557" /><testcase classname="cookbook.tests.api.test_api_space" name="test_list_permission[arg3]" time="0.110" /><testcase classname="cookbook.tests.api.test_api_space" name="test_list_permission[arg4]" time="0.129" /><testcase classname="cookbook.tests.api.test_api_space" name="test_list_multiple" time="0.243" /><testcase classname="cookbook.tests.api.test_api_recipe_time_lock" name="test_patch_resubmitting_the_derived_totals_is_accepted" time="0.321" /><testcase classname="cookbook.tests.api.test_api_space" name="test_update[arg0]" time="0.034" /><testcase classname="cookbook.tests.api.test_api_space" name="test_update[arg1]" time="0.106" /><testcase classname="cookbook.tests.api.test_api_space" name="test_update[arg2]" time="0.107" /><testcase classname="cookbook.tests.api.test_api_space" name="test_update[arg3]" time="0.162" /><testcase classname="cookbook.tests.api.test_api_recipe_time_lock" name="test_patch_on_an_untimed_recipe_still_works" time="0.340" /><testcase classname="cookbook.tests.api.test_api_space" name="test_update[arg4]" time="0.124" /><testcase classname="cookbook.tests.api.test_api_space" name="test_update[arg5]" time="0.118" /><testcase classname="cookbook.tests.api.test_api_recipe_time_lock" name="test_batch_update_skips_derived_recipes" time="0.187" /><testcase classname="cookbook.tests.api.test_api_space" name="test_update[arg6]" time="0.114" /><testcase classname="cookbook.tests.api.test_api_space" name="test_add[arg0]" time="0.036" /><testcase classname="cookbook.tests.api.test_api_recipe_time_lock" name="test_create_with_timed_steps_ends_derived" time="0.204" /><testcase classname="cookbook.tests.api.test_api_space" name="test_add[arg1]" time="0.122" /><testcase classname="cookbook.tests.api.test_api_space" name="test_add[arg2]" time="0.132" /><testcase classname="cookbook.tests.api.test_api_recipe_time_lock" name="test_export_round_trip_is_accepted_and_ends_derived" time="0.210" /><testcase classname="cookbook.tests.api.test_api_space" name="test_add[arg3]" time="0.125" /><testcase classname="cookbook.tests.api.test_api_space" name="test_delete" time="0.214" /><testcase classname="cookbook.tests.api.test_api_related_recipe" name="test_get_related_recipes[recipe0-0-arg0]" time="0.363" /><testcase classname="cookbook.tests.api.test_api_space" name="test_superuser_parameters" time="0.512" /><testcase classname="cookbook.tests.api.test_api_related_recipe" name="test_get_related_recipes[recipe0-0-arg1]" time="0.347" /><testcase classname="cookbook.tests.api.test_api_step" name="test_list_permission[arg0]" time="0.009" /><testcase classname="cookbook.tests.api.test_api_step" name="test_list_permission[arg1]" time="0.118" /><testcase classname="cookbook.tests.api.test_api_step" name="test_list_permission[arg2]" time="0.106" /><testcase classname="cookbook.tests.api.test_api_related_recipe" name="test_get_related_recipes[recipe0-0-arg2]" time="0.265" /><testcase classname="cookbook.tests.api.test_api_step" name="test_list_permission[arg3]" time="0.107" /><testcase classname="cookbook.tests.api.test_api_related_recipe" name="test_get_related_recipes[recipe0-0-arg3]" time="0.362" /><testcase classname="cookbook.tests.api.test_api_step" name="test_list_space" time="1.782" /><testcase classname="cookbook.tests.api.test_api_related_recipe" name="test_get_related_recipes[recipe1-1-arg0]" time="0.513" /><testcase classname="cookbook.tests.api.test_api_related_recipe" name="test_get_related_recipes[recipe1-1-arg1]" time="0.529" /><testcase classname="cookbook.tests.api.test_api_related_recipe" name="test_get_related_recipes[recipe1-1-arg2]" time="0.466" /><testcase classname="cookbook.tests.api.test_api_step" name="test_update[arg0]" time="0.125" /><testcase classname="cookbook.tests.api.test_api_step" name="test_update[arg1]" time="0.208" /><testcase classname="cookbook.tests.api.test_api_related_recipe" name="test_get_related_recipes[recipe1-1-arg3]" time="0.548" /><testcase classname="cookbook.tests.api.test_api_step" name="test_update[arg2]" time="0.330" /><testcase classname="cookbook.tests.api.test_api_step" name="test_update[arg3]" time="0.397" /><testcase classname="cookbook.tests.api.test_api_related_recipe" name="test_get_related_recipes[recipe2-1-arg0]" time="0.556" /><testcase classname="cookbook.tests.api.test_api_step" name="test_update[arg4]" time="0.208" /><testcase classname="cookbook.tests.api.test_api_step" name="test_update[arg5]" time="0.206" /><testcase classname="cookbook.tests.api.test_api_related_recipe" name="test_get_related_recipes[recipe2-1-arg1]" time="0.485" /><testcase classname="cookbook.tests.api.test_api_step" name="test_update[arg6]" time="0.205" /><testcase classname="cookbook.tests.api.test_api_step" name="test_update_privater_recipe[arg0]" time="0.149" /><testcase classname="cookbook.tests.api.test_api_related_recipe" name="test_get_related_recipes[recipe2-1-arg2]" time="0.437" /><testcase classname="cookbook.tests.api.test_api_step" name="test_update_privater_recipe[arg1]" time="0.221" /><testcase classname="cookbook.tests.api.test_api_step" name="test_update_privater_recipe[arg2]" time="0.356" /><testcase classname="cookbook.tests.api.test_api_related_recipe" name="test_get_related_recipes[recipe2-1-arg3]" time="0.524" /><testcase classname="cookbook.tests.api.test_api_step" name="test_update_privater_recipe[arg3]" time="0.213" /><testcase classname="cookbook.tests.api.test_api_step" name="test_update_privater_recipe[arg4]" time="0.228" /><testcase classname="cookbook.tests.api.test_api_step" name="test_update_privater_recipe[arg5]" time="0.287" /><testcase classname="cookbook.tests.api.test_api_related_recipe" name="test_get_related_recipes[recipe3-2-arg0]" time="0.814" /><testcase classname="cookbook.tests.api.test_api_step" name="test_update_privater_recipe[arg6]" time="0.245" /><testcase classname="cookbook.tests.api.test_api_step" name="test_add[arg0]" time="0.033" /><testcase classname="cookbook.tests.api.test_api_step" name="test_add[arg1]" time="0.123" /><testcase classname="cookbook.tests.api.test_api_step" name="test_add[arg2]" time="0.311" /><testcase classname="cookbook.tests.api.test_api_related_recipe" name="test_get_related_recipes[recipe3-2-arg1]" time="0.693" /><testcase classname="cookbook.tests.api.test_api_step" name="test_add[arg3]" time="0.281" /><testcase classname="cookbook.tests.api.test_api_step" name="test_delete" time="0.751" /><testcase classname="cookbook.tests.api.test_api_related_recipe" name="test_get_related_recipes[recipe3-2-arg2]" time="0.576" /><testcase classname="cookbook.tests.api.test_api_storage" name="test_list_permission[arg0]" time="0.009" /><testcase classname="cookbook.tests.api.test_api_storage" name="test_list_permission[arg1]" time="0.099" /><testcase classname="cookbook.tests.api.test_api_storage" name="test_list_permission[arg2]" time="0.096" /><testcase classname="cookbook.tests.api.test_api_related_recipe" name="test_get_related_recipes[recipe3-2-arg3]" time="0.673" /><testcase classname="cookbook.tests.api.test_api_storage" name="test_list_permission[arg3]" time="0.093" /><testcase classname="cookbook.tests.api.test_api_storage" name="test_list_space" time="0.338" /><testcase classname="cookbook.tests.api.test_api_storage" name="test_update[arg0]" time="0.037" /><testcase classname="cookbook.tests.api.test_api_storage" name="test_update[arg1]" time="0.117" /><testcase classname="cookbook.tests.api.test_api_related_recipe" name="test_related_mixed_space[recipe0]" time="0.487" /><testcase classname="cookbook.tests.api.test_api_storage" name="test_update[arg2]" time="0.091" /><testcase classname="cookbook.tests.api.test_api_storage" name="test_update[arg3]" time="0.136" /><testcase classname="cookbook.tests.api.test_api_storage" name="test_update[arg4]" time="0.132" /><testcase classname="cookbook.tests.api.test_api_storage" name="test_update[arg5]" time="0.126" /><testcase classname="cookbook.tests.api.test_api_related_recipe" name="test_related_mixed_space[recipe1]" time="0.494" /><testcase classname="cookbook.tests.api.test_api_storage" name="test_update[arg6]" time="0.119" /><testcase classname="cookbook.tests.api.test_api_storage" name="test_add[arg0]" time="0.054" /><testcase classname="cookbook.tests.api.test_api_storage" name="test_add[arg1]" time="0.145" /><testcase classname="cookbook.tests.api.test_api_storage" name="test_add[arg2]" time="0.124" /><testcase classname="cookbook.tests.api.test_api_storage" name="test_add[arg3]" time="0.260" /><testcase classname="cookbook.tests.api.test_api_related_recipe" name="test_related_mixed_space[recipe2]" time="0.633" /><testcase classname="cookbook.tests.api.test_api_storage" name="test_delete" time="0.209" /><testcase classname="cookbook.tests.api.test_api_share_link" name="test_get_share_link" time="0.756" /><testcase classname="cookbook.tests.api.test_api_supermarket" name="test_list_permission[arg0]" time="0.009" /><testcase classname="cookbook.tests.api.test_api_supermarket" name="test_list_permission[arg1]" time="0.086" /><testcase classname="cookbook.tests.api.test_api_supermarket" name="test_list_permission[arg2]" time="0.089" /><testcase classname="cookbook.tests.api.test_api_supermarket" name="test_list_permission[arg3]" time="0.090" /><testcase classname="cookbook.tests.api.test_api_supermarket" name="test_list_space" time="0.298" /><testcase classname="cookbook.tests.api.test_api_shopping_list_entryv2" name="test_list_permission[arg0]" time="0.008" /><testcase classname="cookbook.tests.api.test_api_shopping_list_entryv2" name="test_list_permission[arg1]" time="0.042" /><testcase classname="cookbook.tests.api.test_api_supermarket" name="test_list_filter" time="0.331" /><testcase classname="cookbook.tests.api.test_api_shopping_list_entryv2" name="test_list_permission[arg2]" time="0.039" /><testcase classname="cookbook.tests.api.test_api_shopping_list_entryv2" name="test_list_permission[arg3]" time="0.039" /><testcase classname="cookbook.tests.api.test_api_shopping_list_entryv2" name="test_list_space" time="0.253" /><testcase classname="cookbook.tests.api.test_api_supermarket" name="test_update[arg0]" time="0.038" /><testcase classname="cookbook.tests.api.test_api_supermarket" name="test_update[arg1]" time="0.161" /><testcase classname="cookbook.tests.api.test_api_shopping_list_entryv2" name="test_get_detail" time="0.175" /><testcase classname="cookbook.tests.api.test_api_supermarket" name="test_update[arg2]" time="0.102" /><testcase classname="cookbook.tests.api.test_api_supermarket" name="test_update[arg3]" time="0.152" /><testcase classname="cookbook.tests.api.test_api_shopping_list_entryv2" name="test_update[arg0]" time="0.131" /><testcase classname="cookbook.tests.api.test_api_shopping_list_entryv2" name="test_update[arg1]" time="0.170" /><testcase classname="cookbook.tests.api.test_api_supermarket" name="test_update[arg4]" time="0.124" /><testcase classname="cookbook.tests.api.test_api_supermarket" name="test_update[arg5]" time="0.122" /><testcase classname="cookbook.tests.api.test_api_shopping_list_entryv2" name="test_update[arg2]" time="0.152" /><testcase classname="cookbook.tests.api.test_api_supermarket" name="test_update[arg6]" time="0.129" /><testcase classname="cookbook.tests.api.test_api_shopping_list_entryv2" name="test_update[arg3]" time="0.161" /><testcase classname="cookbook.tests.api.test_api_supermarket" name="test_add[arg0]" time="0.031" /><testcase classname="cookbook.tests.api.test_api_supermarket" name="test_add[arg1]" time="0.118" /><testcase classname="cookbook.tests.api.test_api_shopping_list_entryv2" name="test_update[arg4]" time="0.152" /><testcase classname="cookbook.tests.api.test_api_supermarket" name="test_add[arg2]" time="0.259" /><testcase classname="cookbook.tests.api.test_api_shopping_list_entryv2" name="test_update[arg5]" time="0.147" /><testcase classname="cookbook.tests.api.test_api_shopping_list_entryv2" name="test_update[arg6]" time="0.147" /><testcase classname="cookbook.tests.api.test_api_supermarket" name="test_add[arg3]" time="0.255" /><testcase classname="cookbook.tests.api.test_api_shopping_list_entryv2" name="test_add[arg0]" time="0.120" /><testcase classname="cookbook.tests.api.test_api_shopping_list_entryv2" name="test_add[arg1]" time="0.172" /><testcase classname="cookbook.tests.api.test_api_supermarket" name="test_delete" time="0.196" /><testcase classname="cookbook.tests.api.test_api_shopping_list_entryv2" name="test_add[arg2]" time="0.148" /><testcase classname="cookbook.tests.api.test_api_sync" name="test_list_permission[arg0]" time="0.009" /><testcase classname="cookbook.tests.api.test_api_sync" name="test_list_permission[arg1]" time="0.112" /><testcase classname="cookbook.tests.api.test_api_sync" name="test_list_permission[arg2]" time="0.105" /><testcase classname="cookbook.tests.api.test_api_shopping_list_entryv2" name="test_add[arg3]" time="0.175" /><testcase classname="cookbook.tests.api.test_api_sync" name="test_list_permission[arg3]" time="0.096" /><testcase classname="cookbook.tests.api.test_api_shopping_list_entryv2" name="test_delete" time="0.175" /><testcase classname="cookbook.tests.api.test_api_sync" name="test_list_space" time="0.358" /><testcase classname="cookbook.tests.api.test_api_shopping_list_entryv2" name="test_sharing[g1_s1-20-sle_20]" time="0.557" /><testcase classname="cookbook.tests.api.test_api_sync" name="test_update[arg0]" time="0.036" /><testcase classname="cookbook.tests.api.test_api_sync" name="test_update[arg1]" time="0.122" /><testcase classname="cookbook.tests.api.test_api_sync" name="test_update[arg2]" time="0.109" /><testcase classname="cookbook.tests.api.test_api_sync" name="test_update[arg3]" time="0.134" /><testcase classname="cookbook.tests.api.test_api_sync" name="test_update[arg4]" time="0.128" /><testcase classname="cookbook.tests.api.test_api_shopping_list_entryv2" name="test_sharing[g1_s2-10-sle_21]" time="0.518" /><testcase classname="cookbook.tests.api.test_api_sync" name="test_update[arg5]" time="0.130" /><testcase classname="cookbook.tests.api.test_api_sync" name="test_update[arg6]" time="0.125" /><testcase classname="cookbook.tests.api.test_api_sync" name="test_add[arg0]" time="0.067" /><testcase classname="cookbook.tests.api.test_api_sync" name="test_add[arg1]" time="0.145" /><testcase classname="cookbook.tests.api.test_api_shopping_list_entryv2" name="test_sharing[u2_s1-20-sle_22]" time="0.579" /><testcase classname="cookbook.tests.api.test_api_sync" name="test_add[arg2]" time="0.117" /><testcase classname="cookbook.tests.api.test_api_sync" name="test_add[arg3]" time="0.275" /><testcase classname="cookbook.tests.api.test_api_sync" name="test_delete" time="0.234" /><testcase classname="cookbook.tests.api.test_api_shopping_list_entryv2" name="test_sharing[u1_s2-10-sle_23]" time="0.494" /><testcase classname="cookbook.tests.api.test_api_sync_log" name="test_list_permission[arg0]" time="0.009" /><testcase classname="cookbook.tests.api.test_api_sync_log" name="test_list_permission[arg1]" time="0.090" /><testcase classname="cookbook.tests.api.test_api_sync_log" name="test_list_permission[arg2]" time="0.093" /><testcase classname="cookbook.tests.api.test_api_sync_log" name="test_list_permission[arg3]" time="0.103" /><testcase classname="cookbook.tests.api.test_api_sync_log" name="test_list_space" time="0.353" /><testcase classname="cookbook.tests.api.test_api_shopping_list_entryv2" name="test_sharing[a1_s1-20-sle_24]" time="0.561" /><testcase classname="cookbook.tests.api.test_api_sync_log" name="test_update[arg0]" time="0.042" /><testcase classname="cookbook.tests.api.test_api_sync_log" name="test_update[arg1]" time="0.119" /><testcase classname="cookbook.tests.api.test_api_view_log" name="test_list_permission[arg1]" time="0.043" /><testcase classname="cookbook.tests.api.test_api_view_log" name="test_list_permission[arg2]" time="0.042" /><testcase classname="cookbook.tests.api.test_api_view_log" name="test_list_permission[arg3]" time="0.038" /><testcase classname="cookbook.tests.api.test_api_shopping_list_entryv2" name="test_sharing[a1_s2-10-sle_25]" time="0.530" /><testcase classname="cookbook.tests.api.test_api_view_log" name="test_list_space" time="0.223" /><testcase classname="cookbook.tests.api.test_api_view_log" name="test_update[arg0]" time="0.124" /><testcase classname="cookbook.tests.api.test_api_view_log" name="test_update[arg1]" time="0.151" /><testcase classname="cookbook.tests.api.test_api_shopping_list_entryv2" name="test_recent" time="0.252" /><testcase classname="cookbook.tests.api.test_api_shopping_list_recipe" name="test_list_permission[arg0]" time="0.014" /><testcase classname="cookbook.tests.api.test_api_shopping_list_recipe" name="test_list_permission[arg1]" time="0.048" /><testcase classname="cookbook.tests.api.test_api_view_log" name="test_update[arg2]" time="0.139" /><testcase classname="cookbook.tests.api.test_api_shopping_list_recipe" name="test_list_permission[arg2]" time="0.040" /><testcase classname="cookbook.tests.api.test_api_shopping_list_recipe" name="test_list_permission[arg3]" time="0.039" /><testcase classname="cookbook.tests.api.test_api_view_log" name="test_update[arg3]" time="0.160" /><testcase classname="cookbook.tests.api.test_api_shopping_list_recipe" name="test_update[arg0]" time="0.179" /><testcase classname="cookbook.tests.api.test_api_view_log" name="test_update[arg4]" time="0.154" /><testcase classname="cookbook.tests.api.test_api_view_log" name="test_update[arg5]" time="0.153" /><testcase classname="cookbook.tests.api.test_api_shopping_list_recipe" name="test_update[arg1]" time="0.193" /><testcase classname="cookbook.tests.api.test_api_view_log" name="test_update[arg6]" time="0.166" /><testcase classname="cookbook.tests.api.test_api_shopping_list_recipe" name="test_update[arg2]" time="0.228" /><testcase classname="cookbook.tests.api.test_api_view_log" name="test_add[arg0]" time="0.170" /><testcase classname="cookbook.tests.api.test_api_shopping_list_recipe" name="test_update[arg3]" time="0.201" /><testcase classname="cookbook.tests.api.test_api_view_log" name="test_add[arg1]" time="0.232" /><testcase classname="cookbook.tests.api.test_api_shopping_list_recipe" name="test_update[arg4]" time="0.212" /><testcase classname="cookbook.tests.api.test_api_view_log" name="test_add[arg2]" time="0.224" /><testcase classname="cookbook.tests.api.test_api_shopping_list_recipe" name="test_update[arg5]" time="0.207" /><testcase classname="cookbook.tests.api.test_api_view_log" name="test_add[arg3]" time="0.223" /><testcase classname="cookbook.tests.api.test_api_shopping_list_recipe" name="test_update[arg6]" time="0.198" /><testcase classname="cookbook.tests.api.test_api_view_log" name="test_delete" time="0.191" /><testcase classname="cookbook.tests.other.test_automations" name="test_food_automation[arg0]" time="0.040" /><testcase classname="cookbook.tests.api.test_api_shopping_list_recipe" name="test_add[arg0]" time="0.188" /><testcase classname="cookbook.tests.other.test_automations" name="test_food_automation[arg1]" time="0.043" /><testcase classname="cookbook.tests.other.test_automations" name="test_food_automation[arg2]" time="0.045" /><testcase classname="cookbook.tests.other.test_automations" name="test_food_automation[arg3]" time="0.042" /><testcase classname="cookbook.tests.other.test_automations" name="test_keyword_automation[arg0]" time="0.044" /><testcase classname="cookbook.tests.api.test_api_shopping_list_recipe" name="test_add[arg1]" time="0.224" /><testcase classname="cookbook.tests.other.test_automations" name="test_keyword_automation[arg1]" time="0.043" /><testcase classname="cookbook.tests.other.test_automations" name="test_keyword_automation[arg2]" time="0.045" /><testcase classname="cookbook.tests.other.test_automations" name="test_keyword_automation[arg3]" time="0.050" /><testcase classname="cookbook.tests.other.test_automations" name="test_unit_automation[arg0]" time="0.041" /><testcase classname="cookbook.tests.other.test_automations" name="test_unit_automation[arg1]" time="0.038" /><testcase classname="cookbook.tests.api.test_api_shopping_list_recipe" name="test_add[arg2]" time="0.205" /><testcase classname="cookbook.tests.other.test_automations" name="test_unit_automation[arg2]" time="0.039" /><testcase classname="cookbook.tests.other.test_automations" name="test_unit_automation[arg3]" time="0.041" /><testcase classname="cookbook.tests.other.test_automations" name="test_never_unit_automation[arg0]" time="0.046" /><testcase classname="cookbook.tests.other.test_automations" name="test_never_unit_automation[arg1]" time="0.049" /><testcase classname="cookbook.tests.api.test_api_shopping_list_recipe" name="test_add[arg3]" time="0.222" /><testcase classname="cookbook.tests.other.test_automations" name="test_never_unit_automation[arg2]" time="0.045" /><testcase classname="cookbook.tests.other.test_automations" name="test_never_unit_automation[arg3]" time="0.046" /><testcase classname="cookbook.tests.other.test_automations" name="test_regex_automation[arg0-source0]" time="0.045" /><testcase classname="cookbook.tests.other.test_automations" name="test_regex_automation[arg0-source1]" time="0.044" /><testcase classname="cookbook.tests.other.test_automations" name="test_regex_automation[arg0-source2]" time="0.046" /><testcase classname="cookbook.tests.api.test_api_shopping_list_recipe" name="test_delete" time="0.217" /><testcase classname="cookbook.tests.other.test_automations" name="test_regex_automation[arg1-source0]" time="0.052" /><testcase classname="cookbook.tests.other.test_automations" name="test_regex_automation[arg1-source1]" time="0.049" /><testcase classname="cookbook.tests.other.test_automations" name="test_regex_automation[arg1-source2]" time="0.044" /><testcase classname="cookbook.tests.other.test_automations" name="test_regex_automation[arg2-source0]" time="0.049" /><testcase classname="cookbook.tests.api.test_api_shopping_recipe" name="test_shopping_recipe_method[recipe0-10-arg0]" time="0.364" /><testcase classname="cookbook.tests.other.test_automations" name="test_regex_automation[arg2-source1]" time="0.051" /><testcase classname="cookbook.tests.other.test_automations" name="test_regex_automation[arg2-source2]" time="0.045" /><testcase classname="cookbook.tests.other.test_automations" name="test_regex_automation[arg3-source0]" time="0.041" /><testcase classname="cookbook.tests.other.test_automations" name="test_regex_automation[arg3-source1]" time="0.041" /><testcase classname="cookbook.tests.other.test_automations" name="test_regex_automation[arg3-source2]" time="0.048" /><testcase classname="cookbook.tests.other.test_automations" name="test_regex_automation[arg4-source0]" time="0.051" /><testcase classname="cookbook.tests.other.test_automations" name="test_regex_automation[arg4-source1]" time="0.050" /><testcase classname="cookbook.tests.other.test_automations" name="test_regex_automation[arg4-source2]" time="0.046" /><testcase classname="cookbook.tests.api.test_api_shopping_recipe" name="test_shopping_recipe_method[recipe0-10-arg1]" time="1.028" /><testcase classname="cookbook.tests.other.test_automations" name="test_transpose_automation[arg0]" time="0.042" /><testcase classname="cookbook.tests.other.test_automations" name="test_transpose_automation[arg1]" time="0.036" /><testcase classname="cookbook.tests.other.test_automations" name="test_transpose_automation[arg2]" time="0.036" /><testcase classname="cookbook.tests.other.test_automations" name="test_url_import_regex_replace" time="0.127" /><testcase classname="cookbook.tests.other.test_bake_schedule_signoff" name="test_live_signoff" time="0.004"><skipped type="pytest.skip" message="no DEVSTEWARD_EVIDENCE_DIR; graded by the System-Test phase (steward validate REQ-004)">/home/runner/work/recipes/recipes/cookbook/tests/other/test_bake_schedule_signoff.py:85: no DEVSTEWARD_EVIDENCE_DIR; graded by the System-Test phase (steward validate REQ-004)</skipped></testcase><testcase classname="cookbook.tests.other.test_baseline" name="test_no_missing_migrations" time="0.170" /><testcase classname="cookbook.tests.other.test_ci_run_signoff" name="test_ci_run" time="0.006"><skipped type="pytest.skip" message="no DEVSTEWARD_EVIDENCE_DIR; graded by the System-Test phase (steward validate REQ-009)">/home/runner/work/recipes/recipes/cookbook/tests/other/test_ci_run_signoff.py:55: no DEVSTEWARD_EVIDENCE_DIR; graded by the System-Test phase (steward validate REQ-009)</skipped></testcase><testcase classname="cookbook.tests.other.test_ci_workflows" name="test_no_owner_gates" time="0.109" /><testcase classname="cookbook.tests.other.test_ci_workflows" name="test_ci_declares_postgres_and_vitest" time="0.027" /><testcase classname="cookbook.tests.other.test_connector_manager" name="test_run_connectors" time="0.040" /><testcase classname="cookbook.tests.other.test_connector_manager" name="test_add_ingredients_triggers_connector" time="0.112" /><testcase classname="cookbook.tests.other.test_cooklang_integration" name="test_cooklang_parser" time="0.011" /><testcase classname="cookbook.tests.other.test_cooklang_integration" name="test_greater_greater_metadata_parser" time="0.009" /><testcase classname="cookbook.tests.other.test_cooklang_integration" name="test_cooklang_integration" time="0.226" /><testcase classname="cookbook.tests.other.test_food_property" name="test_food_property" time="0.439" /><testcase classname="cookbook.tests.api.test_api_shopping_recipe" name="test_shopping_recipe_method[recipe0-10-arg2]" time="0.384" /><testcase classname="cookbook.tests.api.test_api_shopping_recipe" name="test_shopping_recipe_method[recipe0-10-arg3]" time="1.134" /><testcase classname="cookbook.tests.other.test_fork_delivery" name="test_build_workflow_is_fork_enabled" time="0.041" /><testcase classname="cookbook.tests.other.test_fork_delivery" name="test_dump_verification_rejects_unrestorable_dump" time="0.306" /><testcase classname="cookbook.tests.other.test_fork_delivery" name="test_published_manifest_matches_running_image" time="0.004"><skipped type="pytest.skip" message="no DEVSTEWARD_EVIDENCE_DIR; graded by the System-Test phase (steward validate REQ-002)">/home/runner/work/recipes/recipes/cookbook/tests/other/test_fork_delivery.py:240: no DEVSTEWARD_EVIDENCE_DIR; graded by the System-Test phase (steward validate REQ-002)</skipped></testcase><testcase classname="cookbook.tests.other.test_fork_delivery" name="test_live_deploy_signoff" time="0.004"><skipped type="pytest.skip" message="no DEVSTEWARD_EVIDENCE_DIR; graded by the System-Test phase (steward validate REQ-002)">/home/runner/work/recipes/recipes/cookbook/tests/other/test_fork_delivery.py:240: no DEVSTEWARD_EVIDENCE_DIR; graded by the System-Test phase (steward validate REQ-002)</skipped></testcase><testcase classname="cookbook.tests.other.test_household_cache.TestHouseholdCacheInvalidation" name="test_user_added_to_household_invalidates_cache[default]" time="0.029" /><testcase classname="cookbook.tests.other.test_household_cache.TestHouseholdCacheInvalidation" name="test_user_removed_from_household_invalidates_old_cache[default]" time="0.032" /><testcase classname="cookbook.tests.other.test_household_cache.TestHouseholdCacheInvalidation" name="test_user_moved_between_households_invalidates_both[default]" time="0.034" /><testcase classname="cookbook.tests.other.test_household_cache.TestHouseholdCacheInvalidation" name="test_user_deleted_from_household_invalidates_cache[default]" time="0.029" /><testcase classname="cookbook.tests.other.test_household_cache.TestHouseholdCacheInvalidation" name="test_no_household_uses_per_user_cache[default]" time="0.014" /><testcase classname="cookbook.tests.other.test_household_cache.TestHouseholdCacheInvalidation" name="test_removed_from_household_invalidates_per_user_cache[default]" time="0.021" /><testcase classname="cookbook.tests.other.test_ingredient_parser" name="test_ingredient_parser[arg0]" time="0.043" /><testcase classname="cookbook.tests.other.test_ingredient_parser" name="test_ingredient_parser[arg1]" time="0.766" /><testcase classname="cookbook.tests.api.test_api_shopping_recipe" name="test_shopping_recipe_method[recipe1-20-arg0]" time="0.538" /><testcase classname="cookbook.tests.other.test_local_provider.LocalProviderTest" name="test_get_file_restriction" time="0.006" /><testcase classname="cookbook.tests.other.test_local_provider.LocalProviderTest" name="test_is_path_allowed" time="0.005" /><testcase classname="cookbook.tests.other.test_local_provider.LocalProviderTest" name="test_path_prefix_attack" time="0.005" /><testcase classname="cookbook.tests.api.test_api_shopping_recipe" name="test_shopping_recipe_method[recipe1-20-arg1]" time="1.406" /><testcase classname="cookbook.tests.api.test_api_sync_log" name="test_update[arg2]" time="0.112" /><testcase classname="cookbook.tests.other.test_makenow_filter" name="test_makenow_onhand[makenow_recipe0]" time="1.704" /><testcase classname="cookbook.tests.api.test_api_sync_log" name="test_update[arg3]" time="0.126" /><testcase classname="cookbook.tests.api.test_api_sync_log" name="test_update[arg4]" time="0.125" /><testcase classname="cookbook.tests.api.test_api_sync_log" name="test_update[arg5]" time="0.130" /><testcase classname="cookbook.tests.api.test_api_sync_log" name="test_update[arg6]" time="0.165" /><testcase classname="cookbook.tests.api.test_api_sync_log" name="test_add[arg0]" time="0.072" /><testcase classname="cookbook.tests.api.test_api_sync_log" name="test_add[arg1]" time="0.149" /><testcase classname="cookbook.tests.api.test_api_sync_log" name="test_add[arg2]" time="0.127" /><testcase classname="cookbook.tests.api.test_api_sync_log" name="test_add[arg3]" time="0.150" /><testcase classname="cookbook.tests.api.test_api_sync_log" name="test_delete" time="0.211" /><testcase classname="cookbook.tests.api.test_api_unit" name="test_list_permission[arg0]" time="0.010" /><testcase classname="cookbook.tests.api.test_api_unit" name="test_list_permission[arg1]" time="0.098" /><testcase classname="cookbook.tests.api.test_api_unit" name="test_list_permission[arg2]" time="0.133" /><testcase classname="cookbook.tests.api.test_api_unit" name="test_list_permission[arg3]" time="0.110" /><testcase classname="cookbook.tests.other.test_makenow_filter" name="test_makenow_onhand[makenow_recipe1]" time="1.655" /><testcase classname="cookbook.tests.api.test_api_unit" name="test_list_space" time="0.392" /><testcase classname="cookbook.tests.api.test_api_unit" name="test_list_filter" time="0.420" /><testcase classname="cookbook.tests.api.test_api_unit" name="test_update[arg0]" time="0.015" /><testcase classname="cookbook.tests.api.test_api_unit" name="test_update[arg1]" time="0.100" /><testcase classname="cookbook.tests.api.test_api_unit" name="test_update[arg2]" time="0.120" /><testcase classname="cookbook.tests.api.test_api_unit" name="test_update[arg3]" time="0.115" /><testcase classname="cookbook.tests.api.test_api_unit" name="test_update[arg4]" time="0.113" /><testcase classname="cookbook.tests.api.test_api_unit" name="test_update[arg5]" time="0.113" /><testcase classname="cookbook.tests.api.test_api_unit" name="test_update[arg6]" time="0.119" /><testcase classname="cookbook.tests.api.test_api_unit" name="test_add[arg0]" time="0.035" /><testcase classname="cookbook.tests.api.test_api_unit" name="test_add[arg1]" time="0.116" /><testcase classname="cookbook.tests.other.test_makenow_filter" name="test_makenow_ignoreshopping[makenow_recipe0]" time="1.724" /><testcase classname="cookbook.tests.api.test_api_unit" name="test_add[arg2]" time="0.265" /><testcase classname="cookbook.tests.api.test_api_unit" name="test_add[arg3]" time="0.340" /><testcase classname="cookbook.tests.api.test_api_unit" name="test_add_duplicate" time="0.200" /><testcase classname="cookbook.tests.api.test_api_unit" name="test_delete" time="0.221" /><testcase classname="cookbook.tests.api.test_api_unit" name="test_merge" time="0.610" /><testcase classname="cookbook.tests.other.test_makenow_filter" name="test_makenow_ignoreshopping[makenow_recipe1]" time="1.649" /><testcase classname="cookbook.tests.api.test_api_unit_conversion" name="test_list_permission[arg0]" time="0.008" /><testcase classname="cookbook.tests.api.test_api_unit_conversion" name="test_list_permission[arg1]" time="0.094" /><testcase classname="cookbook.tests.api.test_api_unit_conversion" name="test_list_permission[arg2]" time="0.094" /><testcase classname="cookbook.tests.api.test_api_unit_conversion" name="test_list_permission[arg3]" time="0.099" /><testcase classname="cookbook.tests.api.test_api_unit_conversion" name="test_list_space" time="0.496" /><testcase classname="cookbook.tests.api.test_api_unit_conversion" name="test_update[arg0]" time="0.057" /><testcase classname="cookbook.tests.api.test_api_unit_conversion" name="test_update[arg1]" time="0.141" /><testcase classname="cookbook.tests.api.test_api_unit_conversion" name="test_update[arg2]" time="0.139" /><testcase classname="cookbook.tests.api.test_api_unit_conversion" name="test_update[arg3]" time="0.157" /><testcase classname="cookbook.tests.api.test_api_unit_conversion" name="test_update[arg4]" time="0.153" /><testcase classname="cookbook.tests.api.test_api_unit_conversion" name="test_update[arg5]" time="0.137" /><testcase classname="cookbook.tests.api.test_api_unit_conversion" name="test_update[arg6]" time="0.145" /><testcase classname="cookbook.tests.other.test_makenow_filter" name="test_makenow_substitute[makenow_recipe0]" time="1.733" /><testcase classname="cookbook.tests.api.test_api_unit_conversion" name="test_add[arg0]" time="0.054" /><testcase classname="cookbook.tests.api.test_api_unit_conversion" name="test_add[arg1]" time="0.146" /><testcase classname="cookbook.tests.api.test_api_unit_conversion" name="test_add[arg2]" time="0.365" /><testcase classname="cookbook.tests.api.test_api_unit_conversion" name="test_add[arg3]" time="0.342" /><testcase classname="cookbook.tests.api.test_api_unit_conversion" name="test_add_duplicate" time="0.316" /><testcase classname="cookbook.tests.api.test_api_unit_conversion" name="test_delete" time="0.207" /><testcase classname="cookbook.tests.api.test_api_user" name="test_forbidden_methods" time="0.103" /><testcase classname="cookbook.tests.api.test_api_user" name="test_list[arg0]" time="0.010" /><testcase classname="cookbook.tests.api.test_api_user" name="test_list[arg1]" time="0.095" /><testcase classname="cookbook.tests.other.test_makenow_filter" name="test_makenow_substitute[makenow_recipe1]" time="1.675" /><testcase classname="cookbook.tests.api.test_api_user" name="test_list[arg2]" time="0.088" /><testcase classname="cookbook.tests.api.test_api_user" name="test_list[arg3]" time="0.094" /><testcase classname="cookbook.tests.api.test_api_user" name="test_list_filter" time="0.293" /><testcase classname="cookbook.tests.api.test_api_user" name="test_list_space" time="0.377" /><testcase classname="cookbook.tests.api.test_api_user" name="test_user_retrieve[arg0]" time="0.046" /><testcase classname="cookbook.tests.api.test_api_user" name="test_user_retrieve[arg1]" time="0.173" /><testcase classname="cookbook.tests.api.test_api_user" name="test_user_retrieve[arg2]" time="0.169" /><testcase classname="cookbook.tests.api.test_api_user" name="test_user_retrieve[arg3]" time="0.229" /><testcase classname="cookbook.tests.api.test_api_user" name="test_user_retrieve[arg4]" time="0.170" /><testcase classname="cookbook.tests.api.test_api_user" name="test_user_retrieve[arg5]" time="0.132" /><testcase classname="cookbook.tests.other.test_makenow_filter" name="test_makenow_child_substitute[makenow_recipe0]" time="1.762" /><testcase classname="cookbook.tests.api.test_api_user" name="test_user_retrieve[arg6]" time="0.140" /><testcase classname="cookbook.tests.api.test_api_user" name="test_user_update" time="0.370" /><testcase classname="cookbook.tests.api.test_api_user_preference" name="test_readable_time_defaults_on" time="0.037" /><testcase classname="cookbook.tests.api.test_api_user_preference" name="test_readable_time_round_trips_through_the_api" time="0.093" /><testcase classname="cookbook.tests.api.test_api_user_preference" name="test_readable_time_is_per_user[True]" time="0.085" /><testcase classname="cookbook.tests.api.test_api_user_preference" name="test_readable_time_is_per_user[False]" time="0.074" /><testcase classname="cookbook.tests.api.test_api_userpreference" name="test_add" time="0.076" /><testcase classname="cookbook.tests.api.test_api_userpreference" name="test_preference_list" time="0.089" /><testcase classname="cookbook.tests.api.test_api_userpreference" name="test_preference_retrieve[arg0]" time="
[...]
 present — nothing to check</skipped></testcase><testcase classname="cookbook.tests.other.test_upstream_pr_signoff" name="test_live_signoff" time="0.004"><skipped type="pytest.skip" message="no DEVSTEWARD_EVIDENCE_DIR; graded by the System-Test phase (steward validate REQ-005)">/home/runner/work/recipes/recipes/cookbook/tests/other/test_upstream_pr_signoff.py:65: no DEVSTEWARD_EVIDENCE_DIR; graded by the System-Test phase (steward validate REQ-005)</skipped></testcase><testcase classname="cookbook.tests.other.test_url_import" name="test_import_permission[arg0]" time="0.008" /><testcase classname="cookbook.tests.other.test_url_import" name="test_import_permission[arg1]" time="0.087" /><testcase classname="cookbook.tests.other.test_url_import" name="test_import_permission[arg2]" time="0.085" /><testcase classname="cookbook.tests.other.test_url_import" name="test_import_permission[arg3]" time="0.085" /><testcase classname="cookbook.tests.other.test_url_import" name="test_url_import_returns_error_on_non_ok_response[403]" time="0.094" /><testcase classname="cookbook.tests.other.test_url_import" name="test_url_import_returns_error_on_non_ok_response[404]" time="0.099" /><testcase classname="cookbook.tests.other.test_url_import" name="test_url_import_returns_error_on_non_ok_response[500]" time="0.091" /><testcase classname="cookbook.tests.other.test_url_import" name="test_url_import_sends_accept_header" time="0.099" /><testcase classname="cookbook.tests.other.test_url_import" name="test_recipe_import[allrecipes.html]" time="0.922" /><testcase classname="cookbook.tests.other.test_url_import" name="test_recipe_import[americastestkitchen.html]" time="0.240" /><testcase classname="cookbook.tests.other.test_url_import" name="test_recipe_import[chefkoch.html]" time="0.697" /><testcase classname="cookbook.tests.other.test_url_import" name="test_recipe_import[chefkoch2.html]" time="0.606" /><testcase classname="cookbook.tests.other.test_url_import" name="test_recipe_import[cookpad.html]" time="0.257" /><testcase classname="cookbook.tests.other.test_url_import" name="test_recipe_import[cookscountry.html]" time="0.227" /><testcase classname="cookbook.tests.other.test_url_import" name="test_recipe_import[delish.html]" time="0.325" /><testcase classname="cookbook.tests.other.test_url_import" name="test_recipe_import[foodnetwork.html]" time="0.455" /><testcase classname="cookbook.tests.other.test_url_import" name="test_recipe_import[giallozafferano.html]" time="0.449" /><testcase classname="cookbook.tests.other.test_url_import" name="test_recipe_import[journaldesfemmes.html]" time="0.528" /><testcase classname="cookbook.tests.other.test_url_import" name="test_recipe_import[madamedessert.html]" time="0.416" /><testcase classname="cookbook.tests.other.test_url_import" name="test_recipe_import[marmiton.html]" time="0.421" /><testcase classname="cookbook.tests.other.test_url_import" name="test_recipe_import[tasteofhome.html]" time="0.393" /><testcase classname="cookbook.tests.other.test_recipe_search_makenow" name="test_makenow_substitute[makenow_recipe0]" time="8.272" /><testcase classname="cookbook.tests.other.test_url_import" name="test_recipe_import[thespruceeats.html]" time="0.616" /><testcase classname="cookbook.tests.other.test_url_import" name="test_recipe_import[tudogostoso.html]" time="0.356" /><testcase classname="cookbook.tests.other.test_word_import" name="test_canonical_document_extraction" time="0.076" /><testcase classname="cookbook.tests.other.test_word_import" name="test_unparseable_and_empty_documents_are_rejected" time="0.081" /><testcase classname="cookbook.tests.other.test_word_import" name="test_zip_import_creates_recipes_with_folder_keywords" time="0.578" /><testcase classname="cookbook.tests.other.test_word_import" name="test_word_type_is_reachable_from_every_registry" time="0.040" /><testcase classname="cookbook.tests.other.test_word_import_signoff" name="test_live_signoff" time="0.004"><skipped type="pytest.skip" message="no DEVSTEWARD_EVIDENCE_DIR; graded by the System-Test phase (steward validate REQ-006)">/home/runner/work/recipes/recipes/cookbook/tests/other/test_word_import_signoff.py:82: no DEVSTEWARD_EVIDENCE_DIR; graded by the System-Test phase (steward validate REQ-006)</skipped></testcase><testcase classname="cookbook.tests.other.test_word_repairs" name="test_the_food_is_the_thing_you_buy" time="0.005" /><testcase classname="cookbook.tests.other.test_word_repairs" name="test_displaced_units_and_foods_are_recovered" time="0.005" /><testcase classname="cookbook.tests.other.test_word_repairs" name="test_grades_conversions_and_keep_whole" time="0.005" /><testcase classname="cookbook.tests.other.test_word_repairs" name="test_ranges_and_je_lines_are_fixed_before_parsing" time="0.005" /><testcase classname="cookbook.tests.other.test_word_repairs" name="test_no_repair_loses_a_qualifier" time="0.006" /><testcase classname="cookbook.tests.other.test_word_repairs" name="test_zip_import_applies_every_repair" time="1.159" /><testcase classname="cookbook.tests.other.test_word_repairs" name="test_the_food_tree_is_built" time="1.387" /><testcase classname="cookbook.tests.other.test_word_repairs_signoff" name="test_live_signoff" time="0.004"><skipped type="pytest.skip" message="no DEVSTEWARD_EVIDENCE_DIR; graded by the System-Test phase (steward validate REQ-007)">/home/runner/work/recipes/recipes/cookbook/tests/other/test_word_repairs_signoff.py:77: no DEVSTEWARD_EVIDENCE_DIR; graded by the System-Test phase (steward validate REQ-007)</skipped></testcase><testcase classname="cookbook.tests.views.test_views_api" name="test_external_link_permission[arg0]" time="0.117" /><testcase classname="cookbook.tests.views.test_views_api" name="test_external_link_permission[arg1]" time="0.193" /><testcase classname="cookbook.tests.views.test_views_api" name="test_external_link_permission[arg2]" time="0.265" /><testcase classname="cookbook.tests.views.test_views_api" name="test_external_link_permission[arg3]" time="0.286" /><testcase classname="cookbook.tests.views.test_views_api" name="test_external_link_permission[arg4]" time="0.192" /><testcase classname="cookbook.tests.views.test_views_api" name="test_external_link_permission[arg5]" time="0.241" /><testcase classname="cookbook.tests.views.test_views_api" name="test_external_link_permission[arg6]" time="0.301" /><testcase classname="cookbook.tests.views.test_views_api" name="test_external_file_permission[arg0]" time="0.141" /><testcase classname="cookbook.tests.views.test_views_api" name="test_external_file_permission[arg1]" time="0.309" /><testcase classname="cookbook.tests.views.test_views_api" name="test_external_file_permission[arg2]" time="0.273" /><testcase classname="cookbook.tests.views.test_views_api" name="test_external_file_permission[arg3]" time="0.267" /><testcase classname="cookbook.tests.views.test_views_api" name="test_external_file_permission[arg4]" time="0.213" /><testcase classname="cookbook.tests.views.test_views_api" name="test_external_file_permission[arg5]" time="0.230" /><testcase classname="cookbook.tests.views.test_views_api" name="test_external_file_permission[arg6]" time="0.221" /><testcase classname="cookbook.tests.views.test_views_general" name="test_system[arg0]" time="0.142" /><testcase classname="cookbook.tests.views.test_views_general" name="test_system[arg1]" time="0.171" /><testcase classname="cookbook.tests.other.test_recipe_search_makenow" name="test_makenow_substitute[makenow_recipe1]" time="7.935" /><testcase classname="cookbook.tests.views.test_views_general" name="test_system[arg2]" time="0.130" /><testcase classname="cookbook.tests.views.test_views_general" name="test_system[arg3]" time="0.180" /><testcase classname="cookbook.tests.views.test_views_general" name="test_setup[arg0]" time="0.114" /><testcase classname="cookbook.tests.views.test_views_general" name="test_setup[arg1]" time="0.140" /><testcase classname="cookbook.tests.views.test_views_general" name="test_setup[arg2]" time="0.120" /><testcase classname="cookbook.tests.views.test_views_general" name="test_setup[arg3]" time="0.139" /><testcase classname="cookbook.tests.views.test_views_general" name="test_markdown_doc[arg0]" time="0.166" /><testcase classname="cookbook.tests.views.test_views_general" name="test_markdown_doc[arg1]" time="0.154" /><testcase classname="cookbook.tests.views.test_views_general" name="test_markdown_doc[arg2]" time="0.140" /><testcase classname="cookbook.tests.views.test_views_general" name="test_markdown_doc[arg3]" time="0.158" /><testcase classname="cookbook.tests.views.test_views_general" name="test_api_info[arg0]" time="0.126" /><testcase classname="cookbook.tests.views.test_views_general" name="test_api_info[arg1]" time="0.256" /><testcase classname="cookbook.tests.views.test_views_general" name="test_api_info[arg2]" time="0.229" /><testcase classname="cookbook.tests.views.test_views_general" name="test_api_info[arg3]" time="0.250" /><testcase classname="cookbook.tests.views.test_views_general" name="test_api_swagger[arg0]" time="0.131" /><testcase classname="cookbook.tests.views.test_views_general" name="test_api_swagger[arg1]" time="0.240" /><testcase classname="cookbook.tests.views.test_views_general" name="test_api_swagger[arg2]" time="0.215" /><testcase classname="cookbook.tests.views.test_views_general" name="test_api_swagger[arg3]" time="1.561" /><testcase classname="cookbook.tests.other.test_recipe_search_makenow" name="test_makenow_child_substitute[makenow_recipe0]" time="7.177" /><testcase classname="cookbook.tests.other.test_recipe_search_makenow" name="test_makenow_child_substitute[makenow_recipe1]" time="7.139" /><testcase classname="cookbook.tests.other.test_recipe_search_makenow" name="test_makenow_sibling_substitute[makenow_recipe0]" time="8.144" /><testcase classname="cookbook.tests.other.test_recipe_search_makenow" name="test_makenow_sibling_substitute[makenow_recipe1]" time="8.237" /><testcase classname="cookbook.tests.other.test_recipe_search_makenow" name="test_makenow_zero_amount_not_available" time="3.264" /><testcase classname="cookbook.tests.other.test_recipe_search_makenow" name="test_makenow_other_household_not_visible" time="3.170" /><testcase classname="cookbook.tests.other.test_recipe_search_makenow" name="test_makenow_ignoreshopping_onhand_no_double_count" time="5.099" /><testcase classname="cookbook.tests.other.test_recipe_search_makenow" name="test_makenow_no_household_returns_empty" time="1.219" /><testcase classname="cookbook.tests.other.test_recipe_search_text.TestIcontainsSearch" name="test_icontains_name" time="0.226" /><testcase classname="cookbook.tests.other.test_recipe_search_text.TestIcontainsSearch" name="test_icontains_description" time="0.225" /><testcase classname="cookbook.tests.other.test_recipe_search_text.TestIcontainsSearch" name="test_icontains_instruction" time="0.224" /><testcase classname="cookbook.tests.other.test_recipe_search_text.TestIcontainsSearch" name="test_icontains_keyword_name" time="0.221" /><testcase classname="cookbook.tests.other.test_recipe_search_text.TestIcontainsSearch" name="test_icontains_food_name" time="0.226" /><testcase classname="cookbook.tests.other.test_recipe_search_text.TestIcontainsSearch" name="test_icontains_no_match" time="0.217" /><testcase classname="cookbook.tests.other.test_recipe_search_text.TestIstartswithSearch" name="test_istartswith_matches_prefix" time="0.219" /><testcase classname="cookbook.tests.other.test_recipe_search_text.TestIstartswithSearch" name="test_istartswith_rejects_substring" time="0.220" /><testcase classname="cookbook.tests.other.test_recipe_search_text.TestUnaccentSearch" name="test_icontains_with_unaccent" time="0.221" /><testcase classname="cookbook.tests.other.test_recipe_search_text.TestUnaccentSearch" name="test_icontains_without_unaccent" time="0.219" /><testcase classname="cookbook.tests.other.test_recipe_search_text.TestFulltextSearch" name="test_fulltext_finds_recipe" time="0.229" /><testcase classname="cookbook.tests.other.test_recipe_search_text.TestFulltextSearch" name="test_fulltext_always_applies_unaccent" time="0.232" /><testcase classname="cookbook.tests.other.test_recipe_search_text.TestFulltextSearch" name="test_fulltext_score_annotation" time="0.227" /><testcase classname="cookbook.tests.other.test_recipe_search_text.TestTrigramSearch" name="test_trigram_finds_similar" time="0.229" /><testcase classname="cookbook.tests.other.test_recipe_search_text.TestTrigramSearch" name="test_trigram_finds_misspelled" time="0.231" /><testcase classname="cookbook.tests.other.test_recipe_search_text.TestTrigramSearch" name="test_trigram_no_match_on_garbage" time="0.234" /><testcase classname="cookbook.tests.other.test_recipe_search_text.TestTrigramSearch" name="test_trigram_score_annotation" time="0.241" /><testcase classname="cookbook.tests.other.test_recipe_search_text.TestCombinedTextSearch" name="test_fulltext_plus_trigram" time="1.715" /><testcase classname="cookbook.tests.other.test_recipe_search_text.TestCombinedTextSearch" name="test_trigram_similarity_annotation_name" time="0.230" /><testcase classname="cookbook.tests.other.test_recipe_search_text.TestCombinedTextSearch" name="test_icontains_plus_unaccent_plus_trigram" time="1.240" /><testcase classname="cookbook.tests.other.test_recipe_search_text.TestNoSearchPrefs" name="test_exact_match_name" time="0.223" /><testcase classname="cookbook.tests.other.test_recipe_search_text.TestNoSearchPrefs" name="test_partial_no_match" time="0.224" /><testcase classname="cookbook.tests.other.test_recipe_search_text.TestEmptyQuery" name="test_empty_query_returns_all" time="0.211" /><testcase classname="cookbook.tests.other.test_recipe_search_text.TestEmptyQuery" name="test_no_query_returns_all" time="0.213" /><testcase classname="cookbook.tests.other.test_recipe_time_derivation" name="test_step_save_materializes_totals" time="0.046" /><testcase classname="cookbook.tests.other.test_recipe_time_derivation" name="test_totals_are_the_sums_across_all_steps" time="0.052" /><testcase classname="cookbook.tests.other.test_recipe_time_derivation" name="test_step_delete_recomputes_the_remaining_steps" time="0.054" /><testcase classname="cookbook.tests.other.test_recipe_time_derivation" name="test_removing_and_clearing_steps_recomputes" time="0.052" /><testcase classname="cookbook.tests.other.test_recipe_time_derivation" name="test_untimed_steps_leave_the_curated_totals_alone" time="0.045" /><testcase classname="cookbook.tests.other.test_recipe_time_derivation" name="test_a_step_shared_by_two_recipes_updates_both" time="0.052" /><testcase classname="cookbook.tests.other.test_recipe_time_derivation" name="test_sub_recipe_steps_are_not_recursed_into" time="0.052" /><testcase classname="cookbook.tests.other.test_recipe_time_derivation" name="test_nested_recipe_write_materializes" time="0.424" /><testcase classname="cookbook.tests.other.test_recipe_time_derivation" name="test_the_backfill_mechanism" time="0.054" /><testcase classname="cookbook.tests.other.test_recipe_time_derivation" name="test_step_time_totals_arithmetic[0-0-expected0]" time="0.038" /><testcase classname="cookbook.tests.other.test_recipe_time_derivation" name="test_step_time_totals_arithmetic[60-0-expected1]" time="0.046" /><testcase classname="cookbook.tests.other.test_recipe_time_derivation" name="test_step_time_totals_arithmetic[60-60-expected2]" time="0.045" /><testcase classname="cookbook.tests.other.test_recipe_time_derivation" name="test_step_time_totals_arithmetic[70-10-expected3]" time="0.040" /><testcase classname="cookbook.tests.other.test_schemas" name="test_pagination_exists[automation-list]" time="0.004" /><testcase classname="cookbook.tests.other.test_schemas" name="test_pagination_exists[bookmarkletimport-list]" time="0.004" /><testcase classname="cookbook.tests.other.test_schemas" name="test_pagination_exists[cooklog-list]" time="0.004" /><testcase classname="cookbook.tests.other.test_schemas" name="test_pagination_exists[customfilter-list]" time="0.004" /><testcase classname="cookbook.tests.other.test_schemas" name="test_pagination_exists[food-list]" time="0.004" /><testcase classname="cookbook.tests.other.test_schemas" name="test_pagination_exists[food-batch-update]" time="0.004" /><testcase classname="cookbook.tests.other.test_schemas" name="test_pagination_exists[foodinheritfield-list]" time="0.004" /><testcase classname="cookbook.tests.other.test_schemas" name="test_pagination_exists[importlog-list]" time="0.004" /><testcase classname="cookbook.tests.other.test_schemas" name="test_pagination_exists[exportlog-list]" time="0.004" /><testcase classname="cookbook.tests.other.test_schemas" name="test_pagination_exists[group-list]" time="0.004" /><testcase classname="cookbook.tests.other.test_schemas" name="test_pagination_exists[ingredient-list]" time="0.004" /><testcase classname="cookbook.tests.other.test_schemas" name="test_pagination_exists[invitelink-list]" time="0.004" /><testcase classname="cookbook.tests.other.test_schemas" name="test_pagination_exists[household-list]" time="0.004" /><testcase classname="cookbook.tests.other.test_schemas" name="test_pagination_exists[keyword-list]" time="0.004" /><testcase classname="cookbook.tests.other.test_schemas" name="test_pagination_exists[mealplan-list]" time="0.004" /><testcase classname="cookbook.tests.other.test_schemas" name="test_pagination_exists[mealplan-ical]" time="0.004" /><testcase classname="cookbook.tests.other.test_schemas" name="test_pagination_exists[mealtype-list]" time="0.003" /><testcase classname="cookbook.tests.other.test_schemas" name="test_pagination_exists[recipe-list]" time="0.004" /><testcase classname="cookbook.tests.other.test_schemas" name="test_pagination_exists[recipe-batch-update]" time="0.004" /><testcase classname="cookbook.tests.other.test_schemas" name="test_pagination_exists[recipe-flat]" time="0.004" /><testcase classname="cookbook.tests.other.test_schemas" name="test_pagination_exists[recipebook-list]" time="0.004" /><testcase classname="cookbook.tests.other.test_schemas" name="test_pagination_exists[recipebookentry-list]" time="0.004" /><testcase classname="cookbook.tests.other.test_schemas" name="test_pagination_exists[unitconversion-list]" time="0.004" /><testcase classname="cookbook.tests.other.test_schemas" name="test_pagination_exists[propertytype-list]" time="0.004" /><testcase classname="cookbook.tests.other.test_schemas" name="test_pagination_exists[property-list]" time="0.004" /><testcase classname="cookbook.tests.other.test_schemas" name="test_pagination_exists[shoppinglist-list]" time="0.004" /><testcase classname="cookbook.tests.other.test_schemas" name="test_pagination_exists[shoppinglistentry-list]" time="0.004" /><testcase classname="cookbook.tests.other.test_schemas" name="test_pagination_exists[shoppinglistentry-bulk]" time="0.004" /><testcase classname="cookbook.tests.other.test_schemas" name="test_pagination_exists[shoppinglistrecipe-list]" time="0.004" /><testcase classname="cookbook.tests.other.test_schemas" name="test_pagination_exists[space-list]" time="0.004" /><testcase classname="cookbook.tests.other.test_schemas" name="test_pagination_exists[space-current]" time="0.004" /><testcase classname="cookbook.tests.other.test_schemas" name="test_pagination_exists[step-list]" time="0.004" /><testcase classname="cookbook.tests.other.test_schemas" name="test_pagination_exists[storage-list]" time="0.004" /><testcase classname="cookbook.tests.other.test_schemas" name="test_pagination_exists[inventorylocation-list]" time="0.004" /><testcase classname="cookbook.tests.other.test_schemas" name="test_pagination_exists[inventoryentry-list]" time="0.004" /><testcase classname="cookbook.tests.other.test_schemas" name="test_pagination_exists[inventorylog-list]" time="0.004" /><testcase classname="cookbook.tests.other.test_schemas" name="test_pagination_exists[connectorconfig-list]" time="0.071" /></testsuite></testsuites>